2025-09-28 19:50:55 | INFO | {'message': 'I just tried game! It was exciting.', 'author': 'Charlie', 'timestamp': '2025-09-28 19:50:55', 'category': 'gaming', 'sentiment': 0.15, 'keyword_mentioned': 'game', 'message_length': 35}
2025-09-28 19:51:00 | INFO | {'message': 'I just loved an app! It was boring.', 'author': 'Eve', 'timestamp': '2025-09-28 19:51:00', 'category': 'other', 'sentiment': 0.04, 'keyword_mentioned': 'other', 'message_length': 35}
2025-09-28 19:51:05 | INFO | {'message': 'I just saw a trick! It was exciting.', 'author': 'Charlie', 'timestamp': '2025-09-28 19:51:05', 'category': 'other', 'sentiment': 0.74, 'keyword_mentioned': 'other', 'message_length': 36}
2025-09-28 19:51:10 | INFO | {'message': 'I just loved Python! It was amazing.', 'author': 'Bob', 'timestamp': '2025-09-28 19:51:10', 'category': 'tech', 'sentiment': 0.91, 'keyword_mentioned': 'Python', 'message_length': 36}
2025-09-28 19:51:15 | INFO | {'message': 'I just shared a movie! It was boring.', 'author': 'Eve', 'timestamp': '2025-09-28 19:51:15', 'category': 'entertainment', 'sentiment': 0.47, 'keyword_mentioned': 'movie', 'message_length': 37}
2025-09-28 19:51:20 | INFO | {'message': 'I just shared a movie! It was boring.', 'author': 'Bob', 'timestamp': '2025-09-28 19:51:20', 'category': 'entertainment', 'sentiment': 0.67, 'keyword_mentioned': 'movie', 'message_length': 37}
2025-09-28 19:51:25 | INFO | {'message': 'I just saw a meme! It was amazing.', 'author': 'Bob', 'timestamp': '2025-09-28 19:51:25', 'category': 'humor', 'sentiment': 0.58, 'keyword_mentioned': 'meme', 'message_length': 34}
2025-09-28 19:51:30 | INFO | {'message': 'I just tried Python! It was weird.', 'author': 'Charlie', 'timestamp': '2025-09-28 19:51:30', 'category': 'tech', 'sentiment': 0.3, 'keyword_mentioned': 'Python', 'message_length': 34}
2025-09-28 19:51:35 | INFO | {'message': 'I just shared an app! It was exciting.', 'author': 'Charlie', 'timestamp': '2025-09-28 19:51:35', 'category': 'other', 'sentiment': 0.15, 'keyword_mentioned': 'other', 'message_length': 38}
2025-09-28 19:51:40 | INFO | {'message': 'I just saw recipe! It was weird.', 'author': 'Alice', 'timestamp': '2025-09-28 19:51:40', 'category': 'food', 'sentiment': 0.46, 'keyword_mentioned': 'recipe', 'message_length': 32}
2025-09-28 19:51:45 | INFO | {'message': 'I just tried a trick! It was funny.', 'author': 'Alice', 'timestamp': '2025-09-28 19:51:45', 'category': 'other', 'sentiment': 0.32, 'keyword_mentioned': 'other', 'message_length': 35}
2025-09-28 19:51:50 | INFO | {'message': 'I just found a trick! It was boring.', 'author': 'Eve', 'timestamp': '2025-09-28 19:51:50', 'category': 'other', 'sentiment': 0.77, 'keyword_mentioned': 'other', 'message_length': 36}
2025-09-28 19:51:55 | INFO | {'message': 'I just found a meme! It was exciting.', 'author': 'Alice', 'timestamp': '2025-09-28 19:51:55', 'category': 'humor', 'sentiment': 0.23, 'keyword_mentioned': 'meme', 'message_length': 37}
2025-09-28 19:52:00 | INFO | {'message': 'I just shared JavaScript! It was funny.', 'author': 'Eve', 'timestamp': '2025-09-28 19:52:00', 'category': 'tech', 'sentiment': 0.52, 'keyword_mentioned': 'JavaScript', 'message_length': 39}
2025-09-28 19:52:05 | INFO | {'message': 'I just found travel! It was boring.', 'author': 'Eve', 'timestamp': '2025-09-28 19:52:05', 'category': 'travel', 'sentiment': 0.9, 'keyword_mentioned': 'travel', 'message_length': 35}
2025-09-28 19:52:10 | INFO | {'message': 'I just loved an app! It was boring.', 'author': 'Bob', 'timestamp': '2025-09-28 19:52:10', 'category': 'other', 'sentiment': 0.96, 'keyword_mentioned': 'other', 'message_length': 35}
2025-09-28 19:52:15 | INFO | {'message': 'I just loved Python! It was boring.', 'author': 'Alice', 'timestamp': '2025-09-28 19:52:15', 'category': 'tech', 'sentiment': 0.95, 'keyword_mentioned': 'Python', 'message_length': 35}
2025-09-28 19:52:20 | INFO | {'message': 'I just tried travel! It was amazing.', 'author': 'Bob', 'timestamp': '2025-09-28 19:52:20', 'category': 'travel', 'sentiment': 0.68, 'keyword_mentioned': 'travel', 'message_length': 36}
2025-09-28 19:52:25 | INFO | {'message': 'I just shared game! It was boring.', 'author': 'Eve', 'timestamp': '2025-09-28 19:52:25', 'category': 'gaming', 'sentiment': 0.7, 'keyword_mentioned': 'game', 'message_length': 34}
2025-09-28 19:52:30 | INFO | {'message': 'I just saw Python! It was amazing.', 'author': 'Eve', 'timestamp': '2025-09-28 19:52:30', 'category': 'tech', 'sentiment': 0.08, 'keyword_mentioned': 'Python', 'message_length': 34}
2025-09-28 19:52:35 | INFO | {'message': 'I just found a story! It was boring.', 'author': 'Eve', 'timestamp': '2025-09-28 19:52:35', 'category': 'other', 'sentiment': 0.69, 'keyword_mentioned': 'other', 'message_length': 36}
2025-09-28 19:52:40 | INFO | {'message': 'I just found travel! It was weird.', 'author': 'Charlie', 'timestamp': '2025-09-28 19:52:40', 'category': 'travel', 'sentiment': 0.14, 'keyword_mentioned': 'travel', 'message_length': 34}
2025-09-28 19:52:45 | INFO | {'message': 'I just shared recipe! It was exciting.', 'author': 'Charlie', 'timestamp': '2025-09-28 19:52:45', 'category': 'food', 'sentiment': 0.4, 'keyword_mentioned': 'recipe', 'message_length': 38}
2025-09-28 19:52:50 | INFO | {'message': 'I just saw a trick! It was funny.', 'author': 'Eve', 'timestamp': '2025-09-28 19:52:50', 'category': 'other', 'sentiment': 0.13, 'keyword_mentioned': 'other', 'message_length': 33}
2025-09-28 19:52:55 | INFO | {'message': 'I just tried game! It was weird.', 'author': 'Eve', 'timestamp': '2025-09-28 19:52:55', 'category': 'gaming', 'sentiment': 0.45, 'keyword_mentioned': 'game', 'message_length': 32}
2025-09-28 19:53:00 | INFO | {'message': 'I just loved a meme! It was boring.', 'author': 'Bob', 'timestamp': '2025-09-28 19:53:00', 'category': 'humor', 'sentiment': 0.02, 'keyword_mentioned': 'meme', 'message_length': 35}
2025-09-28 19:53:05 | INFO | {'message': 'I just saw a trick! It was amazing.', 'author': 'Alice', 'timestamp': '2025-09-28 19:53:05', 'category': 'other', 'sentiment': 0.97, 'keyword_mentioned': 'other', 'message_length': 35}
2025-09-28 19:53:10 | INFO | {'message': 'I just saw an app! It was boring.', 'author': 'Charlie', 'timestamp': '2025-09-28 19:53:10', 'category': 'other', 'sentiment': 0.36, 'keyword_mentioned': 'other', 'message_length': 33}
2025-09-28 19:53:15 | INFO | {'message': 'I just saw JavaScript! It was exciting.', 'author': 'Eve', 'timestamp': '2025-09-28 19:53:15', 'category': 'tech', 'sentiment': 0.73, 'keyword_mentioned': 'JavaScript', 'message_length': 39}
2025-09-28 19:53:20 | INFO | {'message': 'I just found game! It was funny.', 'author': 'Eve', 'timestamp': '2025-09-28 19:53:20', 'category': 'gaming', 'sentiment': 0.68, 'keyword_mentioned': 'game', 'message_length': 32}
2025-09-28 19:53:25 | INFO | {'message': 'I just found travel! It was weird.', 'author': 'Alice', 'timestamp': '2025-09-28 19:53:25', 'category': 'travel', 'sentiment': 0.56, 'keyword_mentioned': 'travel', 'message_length': 34}
2025-09-28 19:53:30 | INFO | {'message': 'I just found a movie! It was boring.', 'author': 'Eve', 'timestamp': '2025-09-28 19:53:30', 'category': 'entertainment', 'sentiment': 0.48, 'keyword_mentioned': 'movie', 'message_length': 36}
2025-09-28 19:53:35 | INFO | {'message': 'I just loved JavaScript! It was amazing.', 'author': 'Alice', 'timestamp': '2025-09-28 19:53:35', 'category': 'tech', 'sentiment': 0.71, 'keyword_mentioned': 'JavaScript', 'message_length': 40}
2025-09-28 19:53:40 | INFO | {'message': 'I just shared JavaScript! It was boring.', 'author': 'Charlie', 'timestamp': '2025-09-28 19:53:40', 'category': 'tech', 'sentiment': 0.59, 'keyword_mentioned': 'JavaScript', 'message_length': 40}
2025-09-28 19:53:45 | INFO | {'message': 'I just loved recipe! It was amazing.', 'author': 'Eve', 'timestamp': '2025-09-28 19:53:45', 'category': 'food', 'sentiment': 0.19, 'keyword_mentioned': 'recipe', 'message_length': 36}
2025-09-28 19:53:50 | INFO | {'message': 'I just loved Python! It was funny.', 'author': 'Charlie', 'timestamp': '2025-09-28 19:53:50', 'category': 'tech', 'sentiment': 0.45, 'keyword_mentioned': 'Python', 'message_length': 34}
2025-09-28 19:53:55 | INFO | {'message': 'I just tried an app! It was funny.', 'author': 'Charlie', 'timestamp': '2025-09-28 19:53:55', 'category': 'other', 'sentiment': 0.32, 'keyword_mentioned': 'other', 'message_length': 34}
2025-09-28 19:54:00 | INFO | {'message': 'I just shared travel! It was exciting.', 'author': 'Alice', 'timestamp': '2025-09-28 19:54:00', 'category': 'travel', 'sentiment': 0.62, 'keyword_mentioned': 'travel', 'message_length': 38}
2025-09-28 19:54:05 | INFO | {'message': 'I just loved game! It was amazing.', 'author': 'Eve', 'timestamp': '2025-09-28 19:54:05', 'category': 'gaming', 'sentiment': 0.43, 'keyword_mentioned': 'game', 'message_length': 34}
2025-09-28 19:54:10 | INFO | {'message': 'I just found Python! It was exciting.', 'author': 'Charlie', 'timestamp': '2025-09-28 19:54:10', 'category': 'tech', 'sentiment': 0.57, 'keyword_mentioned': 'Python', 'message_length': 37}
2025-09-28 19:54:15 | INFO | {'message': 'I just saw a story! It was exciting.', 'author': 'Charlie', 'timestamp': '2025-09-28 19:54:15', 'category': 'other', 'sentiment': 0.07, 'keyword_mentioned': 'other', 'message_length': 36}
2025-09-28 19:54:20 | INFO | {'message': 'I just shared game! It was funny.', 'author': 'Eve', 'timestamp': '2025-09-28 19:54:20', 'category': 'gaming', 'sentiment': 0.59, 'keyword_mentioned': 'game', 'message_length': 33}
2025-09-28 19:54:25 | INFO | {'message': 'I just found JavaScript! It was exciting.', 'author': 'Eve', 'timestamp': '2025-09-28 19:54:25', 'category': 'tech', 'sentiment': 0.83, 'keyword_mentioned': 'JavaScript', 'message_length': 41}
2025-09-28 19:54:30 | INFO | {'message': 'I just loved Python! It was exciting.', 'author': 'Bob', 'timestamp': '2025-09-28 19:54:30', 'category': 'tech', 'sentiment': 0.79, 'keyword_mentioned': 'Python', 'message_length': 37}
2025-09-28 19:54:35 | INFO | {'message': 'I just loved recipe! It was boring.', 'author': 'Charlie', 'timestamp': '2025-09-28 19:54:35', 'category': 'food', 'sentiment': 0.81, 'keyword_mentioned': 'recipe', 'message_length': 35}
2025-09-28 19:54:40 | INFO | {'message': 'I just loved a story! It was funny.', 'author': 'Alice', 'timestamp': '2025-09-28 19:54:40', 'category': 'other', 'sentiment': 0.22, 'keyword_mentioned': 'other', 'message_length': 35}
2025-09-28 19:54:45 | INFO | {'message': 'I just saw game! It was amazing.', 'author': 'Alice', 'timestamp': '2025-09-28 19:54:45', 'category': 'gaming', 'sentiment': 0.6, 'keyword_mentioned': 'game', 'message_length': 32}
2025-09-28 19:54:50 | INFO | {'message': 'I just shared a trick! It was exciting.', 'author': 'Alice', 'timestamp': '2025-09-28 19:54:50', 'category': 'other', 'sentiment': 0.25, 'keyword_mentioned': 'other', 'message_length': 39}
2025-09-28 19:54:55 | INFO | {'message': 'I just found a meme! It was weird.', 'author': 'Bob', 'timestamp': '2025-09-28 19:54:55', 'category': 'humor', 'sentiment': 0.84, 'keyword_mentioned': 'meme', 'message_length': 34}
2025-09-28 19:55:00 | INFO | {'message': 'I just tried Python! It was funny.', 'author': 'Alice', 'timestamp': '2025-09-28 19:55:00', 'category': 'tech', 'sentiment': 0.58, 'keyword_mentioned': 'Python', 'message_length': 34}
2025-09-28 19:55:05 | INFO | {'message': 'I just saw JavaScript! It was funny.', 'author': 'Eve', 'timestamp': '2025-09-28 19:55:05', 'category': 'tech', 'sentiment': 0.29, 'keyword_mentioned': 'JavaScript', 'message_length': 36}
2025-09-28 19:55:10 | INFO | {'message': 'I just shared game! It was amazing.', 'author': 'Charlie', 'timestamp': '2025-09-28 19:55:10', 'category': 'gaming', 'sentiment': 0.75, 'keyword_mentioned': 'game', 'message_length': 35}
2025-09-28 19:55:15 | INFO | {'message': 'I just found travel! It was funny.', 'author': 'Alice', 'timestamp': '2025-09-28 19:55:15', 'category': 'travel', 'sentiment': 0.45, 'keyword_mentioned': 'travel', 'message_length': 34}
2025-09-28 19:55:20 | INFO | {'message': 'I just found a story! It was funny.', 'author': 'Alice', 'timestamp': '2025-09-28 19:55:20', 'category': 'other', 'sentiment': 0.89, 'keyword_mentioned': 'other', 'message_length': 35}
2025-09-28 19:55:25 | INFO | {'message': 'I just tried a meme! It was funny.', 'author': 'Alice', 'timestamp': '2025-09-28 19:55:25', 'category': 'humor', 'sentiment': 0.1, 'keyword_mentioned': 'meme', 'message_length': 34}
2025-09-28 19:55:30 | INFO | {'message': 'I just saw a movie! It was funny.', 'author': 'Alice', 'timestamp': '2025-09-28 19:55:30', 'category': 'entertainment', 'sentiment': 0.54, 'keyword_mentioned': 'movie', 'message_length': 33}
2025-09-28 19:55:35 | INFO | {'message': 'I just loved a movie! It was weird.', 'author': 'Bob', 'timestamp': '2025-09-28 19:55:35', 'category': 'entertainment', 'sentiment': 0.4, 'keyword_mentioned': 'movie', 'message_length': 35}
2025-09-28 19:55:40 | INFO | {'message': 'I just tried Python! It was boring.', 'author': 'Bob', 'timestamp': '2025-09-28 19:55:40', 'category': 'tech', 'sentiment': 0.25, 'keyword_mentioned': 'Python', 'message_length': 35}
2025-09-28 19:55:45 | INFO | {'message': 'I just shared a movie! It was funny.', 'author': 'Eve', 'timestamp': '2025-09-28 19:55:45', 'category': 'entertainment', 'sentiment': 0.37, 'keyword_mentioned': 'movie', 'message_length': 36}
2025-09-28 19:55:50 | INFO | {'message': 'I just shared JavaScript! It was boring.', 'author': 'Charlie', 'timestamp': '2025-09-28 19:55:50', 'category': 'tech', 'sentiment': 0.42, 'keyword_mentioned': 'JavaScript', 'message_length': 40}
2025-09-28 19:55:55 | INFO | {'message': 'I just found recipe! It was exciting.', 'author': 'Charlie', 'timestamp': '2025-09-28 19:55:55', 'category': 'food', 'sentiment': 0.19, 'keyword_mentioned': 'recipe', 'message_length': 37}
2025-09-28 19:56:00 | INFO | {'message': 'I just saw JavaScript! It was boring.', 'author': 'Bob', 'timestamp': '2025-09-28 19:56:00', 'category': 'tech', 'sentiment': 0.38, 'keyword_mentioned': 'JavaScript', 'message_length': 37}
2025-09-28 19:56:05 | INFO | {'message': 'I just loved travel! It was weird.', 'author': 'Eve', 'timestamp': '2025-09-28 19:56:05', 'category': 'travel', 'sentiment': 0.53, 'keyword_mentioned': 'travel', 'message_length': 34}
2025-09-28 19:56:10 | INFO | {'message': 'I just shared game! It was boring.', 'author': 'Bob', 'timestamp': '2025-09-28 19:56:10', 'category': 'gaming', 'sentiment': 0.21, 'keyword_mentioned': 'game', 'message_length': 34}
2025-09-28 19:56:15 | INFO | {'message': 'I just saw a trick! It was weird.', 'author': 'Bob', 'timestamp': '2025-09-28 19:56:15', 'category': 'other', 'sentiment': 0.45, 'keyword_mentioned': 'other', 'message_length': 33}
2025-09-28 19:56:20 | INFO | {'message': 'I just loved recipe! It was exciting.', 'author': 'Eve', 'timestamp': '2025-09-28 19:56:20', 'category': 'food', 'sentiment': 0.21, 'keyword_mentioned': 'recipe', 'message_length': 37}
2025-09-28 19:56:25 | INFO | {'message': 'I just saw a meme! It was funny.', 'author': 'Charlie', 'timestamp': '2025-09-28 19:56:25', 'category': 'humor', 'sentiment': 0.5, 'keyword_mentioned': 'meme', 'message_length': 32}
2025-09-28 19:56:30 | INFO | {'message': 'I just found a meme! It was funny.', 'author': 'Alice', 'timestamp': '2025-09-28 19:56:30', 'category': 'humor', 'sentiment': 0.21, 'keyword_mentioned': 'meme', 'message_length': 34}
2025-09-28 19:56:35 | INFO | {'message': 'I just shared a meme! It was boring.', 'author': 'Bob', 'timestamp': '2025-09-28 19:56:35', 'category': 'humor', 'sentiment': 0.53, 'keyword_mentioned': 'meme', 'message_length': 36}
2025-09-28 19:56:40 | INFO | {'message': 'I just found a movie! It was weird.', 'author': 'Charlie', 'timestamp': '2025-09-28 19:56:40', 'category': 'entertainment', 'sentiment': 0.41, 'keyword_mentioned': 'movie', 'message_length': 35}
2025-09-28 19:56:45 | INFO | {'message': 'I just loved travel! It was exciting.', 'author': 'Bob', 'timestamp': '2025-09-28 19:56:45', 'category': 'travel', 'sentiment': 0.54, 'keyword_mentioned': 'travel', 'message_length': 37}
2025-09-28 19:56:50 | INFO | {'message': 'I just shared recipe! It was funny.', 'author': 'Charlie', 'timestamp': '2025-09-28 19:56:50', 'category': 'food', 'sentiment': 0.34, 'keyword_mentioned': 'recipe', 'message_length': 35}
2025-09-28 19:56:55 | INFO | {'message': 'I just tried JavaScript! It was funny.', 'author': 'Bob', 'timestamp': '2025-09-28 19:56:55', 'category': 'tech', 'sentiment': 0.3, 'keyword_mentioned': 'JavaScript', 'message_length': 38}
2025-09-28 19:57:00 | INFO | {'message': 'I just saw a story! It was amazing.', 'author': 'Charlie', 'timestamp': '2025-09-28 19:57:00', 'category': 'other', 'sentiment': 0.17, 'keyword_mentioned': 'other', 'message_length': 35}
2025-09-28 19:57:05 | INFO | {'message': 'I just shared recipe! It was amazing.', 'author': 'Eve', 'timestamp': '2025-09-28 19:57:05', 'category': 'food', 'sentiment': 0.23, 'keyword_mentioned': 'recipe', 'message_length': 37}
2025-09-28 19:57:10 | INFO | {'message': 'I just loved a movie! It was amazing.', 'author': 'Eve', 'timestamp': '2025-09-28 19:57:10', 'category': 'entertainment', 'sentiment': 0.92, 'keyword_mentioned': 'movie', 'message_length': 37}
2025-09-28 19:57:15 | INFO | {'message': 'I just shared a trick! It was weird.', 'author': 'Bob', 'timestamp': '2025-09-28 19:57:15', 'category': 'other', 'sentiment': 0.54, 'keyword_mentioned': 'other', 'message_length': 36}
2025-09-28 19:57:20 | INFO | {'message': 'I just loved a story! It was funny.', 'author': 'Bob', 'timestamp': '2025-09-28 19:57:20', 'category': 'other', 'sentiment': 0.49, 'keyword_mentioned': 'other', 'message_length': 35}
2025-09-28 19:57:25 | INFO | {'message': 'I just loved a movie! It was exciting.', 'author': 'Charlie', 'timestamp': '2025-09-28 19:57:25', 'category': 'entertainment', 'sentiment': 0.73, 'keyword_mentioned': 'movie', 'message_length': 38}
2025-09-28 19:57:30 | INFO | {'message': 'I just tried recipe! It was weird.', 'author': 'Eve', 'timestamp': '2025-09-28 19:57:30', 'category': 'food', 'sentiment': 0.21, 'keyword_mentioned': 'recipe', 'message_length': 34}
2025-09-28 19:57:35 | INFO | {'message': 'I just loved a meme! It was boring.', 'author': 'Bob', 'timestamp': '2025-09-28 19:57:35', 'category': 'humor', 'sentiment': 0.43, 'keyword_mentioned': 'meme', 'message_length': 35}
2025-09-28 19:57:40 | INFO | {'message': 'I just shared a trick! It was boring.', 'author': 'Bob', 'timestamp': '2025-09-28 19:57:40', 'category': 'other', 'sentiment': 0.3, 'keyword_mentioned': 'other', 'message_length': 37}
2025-09-28 19:57:45 | INFO | {'message': 'I just found a meme! It was funny.', 'author': 'Alice', 'timestamp': '2025-09-28 19:57:45', 'category': 'humor', 'sentiment': 0.06, 'keyword_mentioned': 'meme', 'message_length': 34}
2025-09-28 19:57:50 | INFO | {'message': 'I just tried an app! It was exciting.', 'author': 'Charlie', 'timestamp': '2025-09-28 19:57:50', 'category': 'other', 'sentiment': 0.49, 'keyword_mentioned': 'other', 'message_length': 37}
2025-09-28 19:57:55 | INFO | {'message': 'I just found travel! It was amazing.', 'author': 'Eve', 'timestamp': '2025-09-28 19:57:55', 'category': 'travel', 'sentiment': 0.59, 'keyword_mentioned': 'travel', 'message_length': 36}
2025-09-28 19:58:00 | INFO | {'message': 'I just saw a meme! It was boring.', 'author': 'Charlie', 'timestamp': '2025-09-28 19:58:00', 'category': 'humor', 'sentiment': 0.34, 'keyword_mentioned': 'meme', 'message_length': 33}
2025-09-28 19:58:05 | INFO | {'message': 'I just tried travel! It was boring.', 'author': 'Alice', 'timestamp': '2025-09-28 19:58:05', 'category': 'travel', 'sentiment': 0.4, 'keyword_mentioned': 'travel', 'message_length': 35}
2025-09-28 19:58:10 | INFO | {'message': 'I just found a story! It was funny.', 'author': 'Bob', 'timestamp': '2025-09-28 19:58:10', 'category': 'other', 'sentiment': 0.03, 'keyword_mentioned': 'other', 'message_length': 35}
2025-09-28 19:58:15 | INFO | {'message': 'I just shared a movie! It was amazing.', 'author': 'Bob', 'timestamp': '2025-09-28 19:58:15', 'category': 'entertainment', 'sentiment': 0.51, 'keyword_mentioned': 'movie', 'message_length': 38}
2025-09-28 19:58:20 | INFO | {'message': 'I just tried an app! It was exciting.', 'author': 'Charlie', 'timestamp': '2025-09-28 19:58:20', 'category': 'other', 'sentiment': 0.72, 'keyword_mentioned': 'other', 'message_length': 37}
2025-09-28 19:58:25 | INFO | {'message': 'I just loved a trick! It was funny.', 'author': 'Bob', 'timestamp': '2025-09-28 19:58:25', 'category': 'other', 'sentiment': 0.36, 'keyword_mentioned': 'other', 'message_length': 35}
2025-09-28 19:58:30 | INFO | {'message': 'I just saw an app! It was weird.', 'author': 'Eve', 'timestamp': '2025-09-28 19:58:30', 'category': 'other', 'sentiment': 0.46, 'keyword_mentioned': 'other', 'message_length': 32}
2025-09-28 19:58:35 | INFO | {'message': 'I just found a movie! It was boring.', 'author': 'Bob', 'timestamp': '2025-09-28 19:58:35', 'category': 'entertainment', 'sentiment': 0.7, 'keyword_mentioned': 'movie', 'message_length': 36}
2025-09-28 19:58:40 | INFO | {'message': 'I just tried a trick! It was boring.', 'author': 'Eve', 'timestamp': '2025-09-28 19:58:40', 'category': 'other', 'sentiment': 0.32, 'keyword_mentioned': 'other', 'message_length': 36}
2025-09-28 19:58:45 | INFO | {'message': 'I just found Python! It was exciting.', 'author': 'Alice', 'timestamp': '2025-09-28 19:58:45', 'category': 'tech', 'sentiment': 0.26, 'keyword_mentioned': 'Python', 'message_length': 37}
2025-09-28 19:58:50 | INFO | {'message': 'I just tried an app! It was boring.', 'author': 'Charlie', 'timestamp': '2025-09-28 19:58:50', 'category': 'other', 'sentiment': 0.65, 'keyword_mentioned': 'other', 'message_length': 35}
2025-09-28 19:58:55 | INFO | {'message': 'I just shared an app! It was exciting.', 'author': 'Bob', 'timestamp': '2025-09-28 19:58:55', 'category': 'other', 'sentiment': 0.95, 'keyword_mentioned': 'other', 'message_length': 38}
2025-09-28 19:59:00 | INFO | {'message': 'I just saw a trick! It was amazing.', 'author': 'Eve', 'timestamp': '2025-09-28 19:59:00', 'category': 'other', 'sentiment': 0.03, 'keyword_mentioned': 'other', 'message_length': 35}
2025-09-28 19:59:05 | INFO | {'message': 'I just loved Python! It was boring.', 'author': 'Alice', 'timestamp': '2025-09-28 19:59:05', 'category': 'tech', 'sentiment': 0.45, 'keyword_mentioned': 'Python', 'message_length': 35}
2025-09-28 19:59:10 | INFO | {'message': 'I just loved recipe! It was boring.', 'author': 'Charlie', 'timestamp': '2025-09-28 19:59:10', 'category': 'food', 'sentiment': 0.37, 'keyword_mentioned': 'recipe', 'message_length': 35}
2025-09-28 19:59:15 | INFO | {'message': 'I just found a story! It was funny.', 'author': 'Eve', 'timestamp': '2025-09-28 19:59:15', 'category': 'other', 'sentiment': 0.8, 'keyword_mentioned': 'other', 'message_length': 35}
2025-09-28 19:59:20 | INFO | {'message': 'I just shared a trick! It was weird.', 'author': 'Bob', 'timestamp': '2025-09-28 19:59:20', 'category': 'other', 'sentiment': 0.51, 'keyword_mentioned': 'other', 'message_length': 36}
2025-09-28 19:59:25 | INFO | {'message': 'I just tried a story! It was weird.', 'author': 'Charlie', 'timestamp': '2025-09-28 19:59:25', 'category': 'other', 'sentiment': 0.81, 'keyword_mentioned': 'other', 'message_length': 35}
2025-09-28 19:59:30 | INFO | {'message': 'I just shared a story! It was amazing.', 'author': 'Alice', 'timestamp': '2025-09-28 19:59:30', 'category': 'other', 'sentiment': 0.74, 'keyword_mentioned': 'other', 'message_length': 38}
2025-09-28 19:59:35 | INFO | {'message': 'I just found a movie! It was exciting.', 'author': 'Alice', 'timestamp': '2025-09-28 19:59:35', 'category': 'entertainment', 'sentiment': 0.94, 'keyword_mentioned': 'movie', 'message_length': 38}
2025-09-28 19:59:40 | INFO | {'message': 'I just loved an app! It was weird.', 'author': 'Charlie', 'timestamp': '2025-09-28 19:59:40', 'category': 'other', 'sentiment': 0.61, 'keyword_mentioned': 'other', 'message_length': 34}
2025-09-28 19:59:45 | INFO | {'message': 'I just saw Python! It was boring.', 'author': 'Alice', 'timestamp': '2025-09-28 19:59:45', 'category': 'tech', 'sentiment': 0.17, 'keyword_mentioned': 'Python', 'message_length': 33}
2025-09-28 19:59:50 | INFO | {'message': 'I just tried a movie! It was amazing.', 'author': 'Eve', 'timestamp': '2025-09-28 19:59:50', 'category': 'entertainment', 'sentiment': 0.45, 'keyword_mentioned': 'movie', 'message_length': 37}
2025-09-28 19:59:55 | INFO | {'message': 'I just tried a trick! It was boring.', 'author': 'Alice', 'timestamp': '2025-09-28 19:59:55', 'category': 'other', 'sentiment': 0.64, 'keyword_mentioned': 'other', 'message_length': 36}
2025-09-28 20:00:00 | INFO | {'message': 'I just shared Python! It was weird.', 'author': 'Eve', 'timestamp': '2025-09-28 20:00:00', 'category': 'tech', 'sentiment': 0.51, 'keyword_mentioned': 'Python', 'message_length': 35}
2025-09-28 20:00:05 | INFO | {'message': 'I just tried JavaScript! It was exciting.', 'author': 'Alice', 'timestamp': '2025-09-28 20:00:05', 'category': 'tech', 'sentiment': 0.37, 'keyword_mentioned': 'JavaScript', 'message_length': 41}
2025-09-28 20:00:10 | INFO | {'message': 'I just saw game! It was exciting.', 'author': 'Eve', 'timestamp': '2025-09-28 20:00:10', 'category': 'gaming', 'sentiment': 0.63, 'keyword_mentioned': 'game', 'message_length': 33}
2025-09-28 20:00:15 | INFO | {'message': 'I just found travel! It was funny.', 'author': 'Alice', 'timestamp': '2025-09-28 20:00:15', 'category': 'travel', 'sentiment': 0.11, 'keyword_mentioned': 'travel', 'message_length': 34}
2025-09-28 20:00:20 | INFO | {'message': 'I just loved a story! It was exciting.', 'author': 'Eve', 'timestamp': '2025-09-28 20:00:20', 'category': 'other', 'sentiment': 0.6, 'keyword_mentioned': 'other', 'message_length': 38}
2025-09-28 20:00:25 | INFO | {'message': 'I just loved a story! It was weird.', 'author': 'Alice', 'timestamp': '2025-09-28 20:00:25', 'category': 'other', 'sentiment': 0.11, 'keyword_mentioned': 'other', 'message_length': 35}
2025-09-28 20:00:30 | INFO | {'message': 'I just found a trick! It was weird.', 'author': 'Charlie', 'timestamp': '2025-09-28 20:00:30', 'category': 'other', 'sentiment': 0.27, 'keyword_mentioned': 'other', 'message_length': 35}
2025-09-28 20:00:35 | INFO | {'message': 'I just found game! It was boring.', 'author': 'Bob', 'timestamp': '2025-09-28 20:00:35', 'category': 'gaming', 'sentiment': 0.73, 'keyword_mentioned': 'game', 'message_length': 33}
2025-09-28 20:00:40 | INFO | {'message': 'I just saw JavaScript! It was amazing.', 'author': 'Eve', 'timestamp': '2025-09-28 20:00:40', 'category': 'tech', 'sentiment': 0.24, 'keyword_mentioned': 'JavaScript', 'message_length': 38}
2025-09-28 20:00:45 | INFO | {'message': 'I just saw an app! It was exciting.', 'author': 'Bob', 'timestamp': '2025-09-28 20:00:45', 'category': 'other', 'sentiment': 0.65, 'keyword_mentioned': 'other', 'message_length': 35}
2025-09-28 20:00:50 | INFO | {'message': 'I just saw travel! It was weird.', 'author': 'Bob', 'timestamp': '2025-09-28 20:00:50', 'category': 'travel', 'sentiment': 0.28, 'keyword_mentioned': 'travel', 'message_length': 32}
2025-09-28 20:00:55 | INFO | {'message': 'I just saw game! It was exciting.', 'author': 'Charlie', 'timestamp': '2025-09-28 20:00:55', 'category': 'gaming', 'sentiment': 0.08, 'keyword_mentioned': 'game', 'message_length': 33}
2025-09-28 20:01:00 | INFO | {'message': 'I just loved travel! It was weird.', 'author': 'Bob', 'timestamp': '2025-09-28 20:01:00', 'category': 'travel', 'sentiment': 0.24, 'keyword_mentioned': 'travel', 'message_length': 34}
2025-09-28 20:01:05 | INFO | {'message': 'I just found recipe! It was exciting.', 'author': 'Bob', 'timestamp': '2025-09-28 20:01:05', 'category': 'food', 'sentiment': 1.0, 'keyword_mentioned': 'recipe', 'message_length': 37}
2025-09-28 20:01:10 | INFO | {'message': 'I just found a story! It was funny.', 'author': 'Alice', 'timestamp': '2025-09-28 20:01:10', 'category': 'other', 'sentiment': 0.79, 'keyword_mentioned': 'other', 'message_length': 35}
2025-09-28 20:01:15 | INFO | {'message': 'I just saw recipe! It was boring.', 'author': 'Charlie', 'timestamp': '2025-09-28 20:01:15', 'category': 'food', 'sentiment': 0.6, 'keyword_mentioned': 'recipe', 'message_length': 33}
2025-09-28 20:01:20 | INFO | {'message': 'I just shared Python! It was funny.', 'author': 'Charlie', 'timestamp': '2025-09-28 20:01:20', 'category': 'tech', 'sentiment': 0.48, 'keyword_mentioned': 'Python', 'message_length': 35}
2025-09-28 20:01:25 | INFO | {'message': 'I just shared JavaScript! It was boring.', 'author': 'Alice', 'timestamp': '2025-09-28 20:01:25', 'category': 'tech', 'sentiment': 0.13, 'keyword_mentioned': 'JavaScript', 'message_length': 40}
2025-09-28 20:01:30 | INFO | {'message': 'I just saw game! It was exciting.', 'author': 'Alice', 'timestamp': '2025-09-28 20:01:30', 'category': 'gaming', 'sentiment': 0.52, 'keyword_mentioned': 'game', 'message_length': 33}
2025-09-28 20:01:35 | INFO | {'message': 'I just found a movie! It was amazing.', 'author': 'Bob', 'timestamp': '2025-09-28 20:01:35', 'category': 'entertainment', 'sentiment': 0.29, 'keyword_mentioned': 'movie', 'message_length': 37}
2025-09-28 20:01:40 | INFO | {'message': 'I just tried an app! It was exciting.', 'author': 'Eve', 'timestamp': '2025-09-28 20:01:40', 'category': 'other', 'sentiment': 0.06, 'keyword_mentioned': 'other', 'message_length': 37}
2025-09-28 20:01:45 | INFO | {'message': 'I just found recipe! It was amazing.', 'author': 'Alice', 'timestamp': '2025-09-28 20:01:45', 'category': 'food', 'sentiment': 0.81, 'keyword_mentioned': 'recipe', 'message_length': 36}
2025-09-28 20:01:50 | INFO | {'message': 'I just found a trick! It was funny.', 'author': 'Eve', 'timestamp': '2025-09-28 20:01:50', 'category': 'other', 'sentiment': 0.32, 'keyword_mentioned': 'other', 'message_length': 35}
2025-09-28 20:01:55 | INFO | {'message': 'I just saw a movie! It was funny.', 'author': 'Eve', 'timestamp': '2025-09-28 20:01:55', 'category': 'entertainment', 'sentiment': 0.15, 'keyword_mentioned': 'movie', 'message_length': 33}
2025-09-28 20:02:00 | INFO | {'message': 'I just saw a meme! It was weird.', 'author': 'Bob', 'timestamp': '2025-09-28 20:02:00', 'category': 'humor', 'sentiment': 0.04, 'keyword_mentioned': 'meme', 'message_length': 32}
2025-09-28 20:02:05 | INFO | {'message': 'I just tried game! It was amazing.', 'author': 'Bob', 'timestamp': '2025-09-28 20:02:05', 'category': 'gaming', 'sentiment': 0.38, 'keyword_mentioned': 'game', 'message_length': 34}
2025-09-28 20:02:10 | WARNING | Producer interrupted by user.
2025-09-28 20:02:10 | INFO | Producer shutting down.
2025-09-28 20:14:55 | INFO | Logging to file: logs/project_log.log
2025-09-28 20:14:55 | INFO | Log sanitization enabled, personal info removed
2025-09-28 20:14:55 | INFO | Starting Producer to run continuously.
2025-09-28 20:14:55 | INFO | Use Ctrl+C to stop.
2025-09-28 20:14:55 | INFO | MESSAGE_INTERVAL_SECONDS: 5
2025-09-28 20:14:55 | INFO | BUZZ_TOPIC: buzzline
2025-09-28 20:14:55 | INFO | KAFKA_BROKER_ADDRESS: 127.0.0.1:9092
2025-09-28 20:14:55 | INFO | BASE_DATA_DIR: PROJECT_ROOT/data
2025-09-28 20:14:55 | INFO | LIVE_DATA_PATH: PROJECT_ROOT/data/project_live.json
2025-09-28 20:14:55 | INFO | BASE_DATA_DIR: PROJECT_ROOT/data
2025-09-28 20:14:55 | INFO | SQLITE_PATH: PROJECT_ROOT/data/buzz.sqlite
2025-09-28 20:14:55 | INFO | Deleted existing live data file.
2025-09-28 20:14:55 | INFO | Kafka broker address: localhost:9092
2025-09-28 20:14:57 | ERROR | Error checking Kafka: NoBrokersAvailable
2025-09-28 20:14:57 | WARNING | Kafka broker not available; continuing without Kafka.
2025-09-28 20:14:57 | INFO | Kafka disabled for this run.
2025-09-28 20:14:57 | INFO | {'message': 'I just found game! It was amazing.', 'author': 'Alice', 'timestamp': '2025-09-28 20:14:57', 'category': 'gaming', 'sentiment': 0.21, 'keyword_mentioned': 'game', 'message_length': 34}
2025-09-28 20:15:02 | INFO | {'message': 'I just shared travel! It was boring.', 'author': 'Charlie', 'timestamp': '2025-09-28 20:15:02', 'category': 'travel', 'sentiment': 1.0, 'keyword_mentioned': 'travel', 'message_length': 36}
2025-09-28 20:15:07 | INFO | {'message': 'I just shared a trick! It was exciting.', 'author': 'Charlie', 'timestamp': '2025-09-28 20:15:07', 'category': 'other', 'sentiment': 0.69, 'keyword_mentioned': 'other', 'message_length': 39}
2025-09-28 20:15:12 | INFO | {'message': 'I just saw an app! It was weird.', 'author': 'Eve', 'timestamp': '2025-09-28 20:15:12', 'category': 'other', 'sentiment': 0.54, 'keyword_mentioned': 'other', 'message_length': 32}
2025-09-28 20:15:17 | INFO | {'message': 'I just shared a movie! It was funny.', 'author': 'Eve', 'timestamp': '2025-09-28 20:15:17', 'category': 'entertainment', 'sentiment': 0.02, 'keyword_mentioned': 'movie', 'message_length': 36}
2025-09-28 20:15:22 | INFO | {'message': 'I just loved JavaScript! It was exciting.', 'author': 'Charlie', 'timestamp': '2025-09-28 20:15:22', 'category': 'tech', 'sentiment': 0.73, 'keyword_mentioned': 'JavaScript', 'message_length': 41}
2025-09-28 20:15:27 | INFO | {'message': 'I just found Python! It was funny.', 'author': 'Bob', 'timestamp': '2025-09-28 20:15:27', 'category': 'tech', 'sentiment': 0.39, 'keyword_mentioned': 'Python', 'message_length': 34}
2025-09-28 20:15:32 | INFO | {'message': 'I just saw Python! It was exciting.', 'author': 'Alice', 'timestamp': '2025-09-28 20:15:32', 'category': 'tech', 'sentiment': 0.68, 'keyword_mentioned': 'Python', 'message_length': 35}
2025-09-28 20:15:37 | INFO | {'message': 'I just shared a story! It was weird.', 'author': 'Charlie', 'timestamp': '2025-09-28 20:15:37', 'category': 'other', 'sentiment': 0.59, 'keyword_mentioned': 'other', 'message_length': 36}
2025-09-28 20:15:42 | INFO | {'message': 'I just saw recipe! It was amazing.', 'author': 'Charlie', 'timestamp': '2025-09-28 20:15:42', 'category': 'food', 'sentiment': 0.22, 'keyword_mentioned': 'recipe', 'message_length': 34}
2025-09-28 20:15:45 | INFO | Logging to file: logs/project_log.log
2025-09-28 20:15:45 | INFO | Log sanitization enabled, personal info removed
2025-09-28 20:15:47 | INFO | {'message': 'I just loved a movie! It was weird.', 'author': 'Bob', 'timestamp': '2025-09-28 20:15:47', 'category': 'entertainment', 'sentiment': 0.95, 'keyword_mentioned': 'movie', 'message_length': 35}
2025-09-28 20:15:52 | INFO | {'message': 'I just tried a trick! It was weird.', 'author': 'Eve', 'timestamp': '2025-09-28 20:15:52', 'category': 'other', 'sentiment': 0.49, 'keyword_mentioned': 'other', 'message_length': 35}
2025-09-28 20:15:57 | INFO | {'message': 'I just loved a movie! It was boring.', 'author': 'Eve', 'timestamp': '2025-09-28 20:15:57', 'category': 'entertainment', 'sentiment': 0.53, 'keyword_mentioned': 'movie', 'message_length': 36}
2025-09-28 20:16:02 | INFO | Logging to file: logs/project_log.log
2025-09-28 20:16:02 | INFO | Log sanitization enabled, personal info removed
2025-09-28 20:16:02 | INFO | {'message': 'I just tried JavaScript! It was amazing.', 'author': 'Charlie', 'timestamp': '2025-09-28 20:16:02', 'category': 'tech', 'sentiment': 0.39, 'keyword_mentioned': 'JavaScript', 'message_length': 40}
2025-09-28 20:16:07 | INFO | {'message': 'I just tried a story! It was weird.', 'author': 'Eve', 'timestamp': '2025-09-28 20:16:07', 'category': 'other', 'sentiment': 0.08, 'keyword_mentioned': 'other', 'message_length': 35}
2025-09-28 20:16:12 | INFO | {'message': 'I just found an app! It was exciting.', 'author': 'Alice', 'timestamp': '2025-09-28 20:16:12', 'category': 'other', 'sentiment': 0.97, 'keyword_mentioned': 'other', 'message_length': 37}
2025-09-28 20:16:17 | INFO | {'message': 'I just found JavaScript! It was exciting.', 'author': 'Bob', 'timestamp': '2025-09-28 20:16:17', 'category': 'tech', 'sentiment': 0.31, 'keyword_mentioned': 'JavaScript', 'message_length': 41}
2025-09-28 20:16:17 | INFO | Logging to file: logs/project_log.log
2025-09-28 20:16:17 | INFO | Log sanitization enabled, personal info removed
2025-09-28 20:16:17 | INFO | Starting Categorization Consumer to run continuously.
2025-09-28 20:16:17 | INFO | This consumer will organize messages by category and provide analytics.
2025-09-28 20:16:17 | INFO | STEP 1. Read environment variables using config functions.
2025-09-28 20:16:17 | INFO | MESSAGE_INTERVAL_SECONDS: 5
2025-09-28 20:16:17 | INFO | BASE_DATA_DIR: PROJECT_ROOT/data
2025-09-28 20:16:17 | INFO | LIVE_DATA_PATH: PROJECT_ROOT/data/project_live.json
2025-09-28 20:16:17 | INFO | BASE_DATA_DIR: PROJECT_ROOT/data
2025-09-28 20:16:17 | INFO | SQLITE_PATH: PROJECT_ROOT/data/buzz.sqlite
2025-09-28 20:16:17 | INFO | SUCCESS: Read environment variables.
2025-09-28 20:16:17 | INFO | STEP 2. Delete any prior database file for a fresh start.
2025-09-28 20:16:17 | INFO | SUCCESS: Deleted existing database file.
2025-09-28 20:16:17 | INFO | STEP 3. Initialize database with categorization support.
2025-09-28 20:16:17 | INFO | Initializing database at PROJECT_ROOT/data/buzz.sqlite
2025-09-28 20:16:17 | INFO | Database initialized with master and metadata tables
2025-09-28 20:16:17 | INFO | SUCCESS: Database initialized with category tables and analytics support.
2025-09-28 20:16:17 | INFO | STEP 4. Begin consuming and categorizing messages.
2025-09-28 20:16:17 | INFO | Called consume_messages_from_file() with categorization focus:
2025-09-28 20:16:17 | INFO |    live_data_path=WindowsPath('C:/Projects/buzzline-05-gbogbo/data/project_live.json')
2025-09-28 20:16:17 | INFO |    db_path=WindowsPath('C:/Projects/buzzline-05-gbogbo/data/buzz.sqlite')
2025-09-28 20:16:17 | INFO |    interval_secs=5
2025-09-28 20:16:17 | INFO |    last_position=0
2025-09-28 20:16:17 | INFO | Reading from live data file at position 0.
2025-09-28 20:16:17 | INFO | Processed message for category 'gaming': I just found game! It was amazing....
2025-09-28 20:16:17 | INFO | Created/verified category table: category_gaming
2025-09-28 20:16:17 | INFO | Inserted message into master table and category_gaming
2025-09-28 20:16:17 | INFO | Processed message for category 'travel': I just shared travel! It was boring....
2025-09-28 20:16:17 | INFO | Created/verified category table: category_travel
2025-09-28 20:16:17 | INFO | Inserted message into master table and category_travel
2025-09-28 20:16:17 | INFO | Processed message for category 'other': I just shared a trick! It was exciting....
2025-09-28 20:16:17 | INFO | Created/verified category table: category_other
2025-09-28 20:16:17 | INFO | Inserted message into master table and category_other
2025-09-28 20:16:17 | INFO | Processed message for category 'other': I just saw an app! It was weird....
2025-09-28 20:16:17 | INFO | Created/verified category table: category_other
2025-09-28 20:16:17 | INFO | Inserted message into master table and category_other
2025-09-28 20:16:17 | INFO | Processed message for category 'entertainment': I just shared a movie! It was funny....
2025-09-28 20:16:17 | INFO | Created/verified category table: category_entertainment
2025-09-28 20:16:17 | INFO | Inserted message into master table and category_entertainment
2025-09-28 20:16:17 | INFO | Processed message for category 'tech': I just loved JavaScript! It was exciting....
2025-09-28 20:16:17 | INFO | Created/verified category table: category_tech
2025-09-28 20:16:17 | INFO | Inserted message into master table and category_tech
2025-09-28 20:16:17 | INFO | Processed message for category 'tech': I just found Python! It was funny....
2025-09-28 20:16:17 | INFO | Created/verified category table: category_tech
2025-09-28 20:16:17 | INFO | Inserted message into master table and category_tech
2025-09-28 20:16:17 | INFO | Processed message for category 'tech': I just saw Python! It was exciting....
2025-09-28 20:16:17 | INFO | Created/verified category table: category_tech
2025-09-28 20:16:17 | INFO | Inserted message into master table and category_tech
2025-09-28 20:16:17 | INFO | Processed message for category 'other': I just shared a story! It was weird....
2025-09-28 20:16:17 | INFO | Created/verified category table: category_other
2025-09-28 20:16:17 | INFO | Inserted message into master table and category_other
2025-09-28 20:16:17 | INFO | Processed message for category 'food': I just saw recipe! It was amazing....
2025-09-28 20:16:17 | INFO | Created/verified category table: category_food
2025-09-28 20:16:18 | INFO | Inserted message into master table and category_food
2025-09-28 20:16:18 | INFO | === CATEGORY ANALYTICS ===
2025-09-28 20:16:18 | INFO | Category 'other': 3 messages, avg sentiment: 0.61, 2 unique authors
2025-09-28 20:16:18 | INFO | Category 'tech': 3 messages, avg sentiment: 0.60, 3 unique authors
2025-09-28 20:16:18 | INFO | Category 'entertainment': 1 messages, avg sentiment: 0.02, 1 unique authors
2025-09-28 20:16:18 | INFO | Category 'food': 1 messages, avg sentiment: 0.22, 1 unique authors
2025-09-28 20:16:18 | INFO | Category 'gaming': 1 messages, avg sentiment: 0.21, 1 unique authors
2025-09-28 20:16:18 | INFO | Category 'travel': 1 messages, avg sentiment: 1.00, 1 unique authors
2025-09-28 20:16:18 | INFO | ========================
2025-09-28 20:16:18 | INFO | Processed message for category 'entertainment': I just loved a movie! It was weird....
2025-09-28 20:16:18 | INFO | Created/verified category table: category_entertainment
2025-09-28 20:16:18 | INFO | Inserted message into master table and category_entertainment
2025-09-28 20:16:18 | INFO | Processed message for category 'other': I just tried a trick! It was weird....
2025-09-28 20:16:18 | INFO | Created/verified category table: category_other
2025-09-28 20:16:18 | INFO | Inserted message into master table and category_other
2025-09-28 20:16:18 | INFO | Processed message for category 'entertainment': I just loved a movie! It was boring....
2025-09-28 20:16:18 | INFO | Created/verified category table: category_entertainment
2025-09-28 20:16:18 | INFO | Inserted message into master table and category_entertainment
2025-09-28 20:16:18 | INFO | Processed message for category 'tech': I just tried JavaScript! It was amazing....
2025-09-28 20:16:18 | INFO | Created/verified category table: category_tech
2025-09-28 20:16:18 | INFO | Inserted message into master table and category_tech
2025-09-28 20:16:18 | INFO | Processed message for category 'other': I just tried a story! It was weird....
2025-09-28 20:16:18 | INFO | Created/verified category table: category_other
2025-09-28 20:16:18 | INFO | Inserted message into master table and category_other
2025-09-28 20:16:18 | INFO | Processed message for category 'other': I just found an app! It was exciting....
2025-09-28 20:16:18 | INFO | Created/verified category table: category_other
2025-09-28 20:16:18 | INFO | Inserted message into master table and category_other
2025-09-28 20:16:18 | INFO | Processed message for category 'tech': I just found JavaScript! It was exciting....
2025-09-28 20:16:18 | INFO | Created/verified category table: category_tech
2025-09-28 20:16:18 | INFO | Inserted message into master table and category_tech
2025-09-28 20:16:22 | INFO | {'message': 'I just tried an app! It was exciting.', 'author': 'Alice', 'timestamp': '2025-09-28 20:16:22', 'category': 'other', 'sentiment': 0.61, 'keyword_mentioned': 'other', 'message_length': 37}
2025-09-28 20:16:23 | INFO | Called consume_messages_from_file() with categorization focus:
2025-09-28 20:16:23 | INFO |    live_data_path=WindowsPath('C:/Projects/buzzline-05-gbogbo/data/project_live.json')
2025-09-28 20:16:23 | INFO |    db_path=WindowsPath('C:/Projects/buzzline-05-gbogbo/data/buzz.sqlite')
2025-09-28 20:16:23 | INFO |    interval_secs=5
2025-09-28 20:16:23 | INFO |    last_position=3437
2025-09-28 20:16:23 | INFO | Reading from live data file at position 3437.
2025-09-28 20:16:23 | INFO | Processed message for category 'other': I just tried an app! It was exciting....
2025-09-28 20:16:23 | INFO | Created/verified category table: category_other
2025-09-28 20:16:23 | INFO | Inserted message into master table and category_other
2025-09-28 20:16:27 | INFO | {'message': 'I just tried a movie! It was boring.', 'author': 'Charlie', 'timestamp': '2025-09-28 20:16:27', 'category': 'entertainment', 'sentiment': 0.66, 'keyword_mentioned': 'movie', 'message_length': 36}
2025-09-28 20:16:28 | INFO | Called consume_messages_from_file() with categorization focus:
2025-09-28 20:16:28 | INFO |    live_data_path=WindowsPath('C:/Projects/buzzline-05-gbogbo/data/project_live.json')
2025-09-28 20:16:28 | INFO |    db_path=WindowsPath('C:/Projects/buzzline-05-gbogbo/data/buzz.sqlite')
2025-09-28 20:16:28 | INFO |    interval_secs=5
2025-09-28 20:16:28 | INFO |    last_position=3638
2025-09-28 20:16:28 | INFO | Reading from live data file at position 3638.
2025-09-28 20:16:28 | INFO | Processed message for category 'entertainment': I just tried a movie! It was boring....
2025-09-28 20:16:28 | INFO | Created/verified category table: category_entertainment
2025-09-28 20:16:28 | INFO | Inserted message into master table and category_entertainment
2025-09-28 20:16:32 | INFO | {'message': 'I just found a story! It was boring.', 'author': 'Bob', 'timestamp': '2025-09-28 20:16:32', 'category': 'other', 'sentiment': 0.76, 'keyword_mentioned': 'other', 'message_length': 36}
2025-09-28 20:16:33 | INFO | Called consume_messages_from_file() with categorization focus:
2025-09-28 20:16:33 | INFO |    live_data_path=WindowsPath('C:/Projects/buzzline-05-gbogbo/data/project_live.json')
2025-09-28 20:16:33 | INFO |    db_path=WindowsPath('C:/Projects/buzzline-05-gbogbo/data/buzz.sqlite')
2025-09-28 20:16:33 | INFO |    interval_secs=5
2025-09-28 20:16:33 | INFO |    last_position=3848
2025-09-28 20:16:33 | INFO | Reading from live data file at position 3848.
2025-09-28 20:16:33 | INFO | Processed message for category 'other': I just found a story! It was boring....
2025-09-28 20:16:33 | INFO | Created/verified category table: category_other
2025-09-28 20:16:33 | INFO | Inserted message into master table and category_other
2025-09-28 20:16:37 | INFO | {'message': 'I just found JavaScript! It was boring.', 'author': 'Bob', 'timestamp': '2025-09-28 20:16:37', 'category': 'tech', 'sentiment': 0.39, 'keyword_mentioned': 'JavaScript', 'message_length': 39}
2025-09-28 20:16:38 | INFO | Called consume_messages_from_file() with categorization focus:
2025-09-28 20:16:38 | INFO |    live_data_path=WindowsPath('C:/Projects/buzzline-05-gbogbo/data/project_live.json')
2025-09-28 20:16:38 | INFO |    db_path=WindowsPath('C:/Projects/buzzline-05-gbogbo/data/buzz.sqlite')
2025-09-28 20:16:38 | INFO |    interval_secs=5
2025-09-28 20:16:38 | INFO |    last_position=4046
2025-09-28 20:16:38 | INFO | Reading from live data file at position 4046.
2025-09-28 20:16:38 | INFO | Processed message for category 'tech': I just found JavaScript! It was boring....
2025-09-28 20:16:38 | INFO | Created/verified category table: category_tech
2025-09-28 20:16:38 | INFO | Inserted message into master table and category_tech
2025-09-28 20:16:42 | INFO | {'message': 'I just shared an app! It was amazing.', 'author': 'Bob', 'timestamp': '2025-09-28 20:16:42', 'category': 'other', 'sentiment': 0.63, 'keyword_mentioned': 'other', 'message_length': 37}
2025-09-28 20:16:43 | INFO | Called consume_messages_from_file() with categorization focus:
2025-09-28 20:16:43 | INFO |    live_data_path=WindowsPath('C:/Projects/buzzline-05-gbogbo/data/project_live.json')
2025-09-28 20:16:43 | INFO |    db_path=WindowsPath('C:/Projects/buzzline-05-gbogbo/data/buzz.sqlite')
2025-09-28 20:16:43 | INFO |    interval_secs=5
2025-09-28 20:16:43 | INFO |    last_position=4251
2025-09-28 20:16:43 | INFO | Reading from live data file at position 4251.
2025-09-28 20:16:43 | INFO | Processed message for category 'other': I just shared an app! It was amazing....
2025-09-28 20:16:43 | INFO | Created/verified category table: category_other
2025-09-28 20:16:43 | INFO | Inserted message into master table and category_other
2025-09-28 20:16:47 | INFO | {'message': 'I just saw a meme! It was boring.', 'author': 'Eve', 'timestamp': '2025-09-28 20:16:47', 'category': 'humor', 'sentiment': 0.26, 'keyword_mentioned': 'meme', 'message_length': 33}
2025-09-28 20:16:48 | INFO | Called consume_messages_from_file() with categorization focus:
2025-09-28 20:16:48 | INFO |    live_data_path=WindowsPath('C:/Projects/buzzline-05-gbogbo/data/project_live.json')
2025-09-28 20:16:48 | INFO |    db_path=WindowsPath('C:/Projects/buzzline-05-gbogbo/data/buzz.sqlite')
2025-09-28 20:16:48 | INFO |    interval_secs=5
2025-09-28 20:16:48 | INFO |    last_position=4450
2025-09-28 20:16:48 | INFO | Reading from live data file at position 4450.
2025-09-28 20:16:48 | INFO | Processed message for category 'humor': I just saw a meme! It was boring....
2025-09-28 20:16:48 | INFO | Created/verified category table: category_humor
2025-09-28 20:16:48 | INFO | Inserted message into master table and category_humor
2025-09-28 20:16:52 | INFO | {'message': 'I just found a meme! It was exciting.', 'author': 'Eve', 'timestamp': '2025-09-28 20:16:52', 'category': 'humor', 'sentiment': 0.56, 'keyword_mentioned': 'meme', 'message_length': 37}
2025-09-28 20:16:53 | INFO | Called consume_messages_from_file() with categorization focus:
2025-09-28 20:16:53 | INFO |    interval_secs=5
