2025-09-28 19:37:49 | INFO | Logging to file: logs/project_log.log
2025-09-28 19:37:49 | INFO | Log sanitization enabled, personal info removed
2025-09-28 19:38:29 | INFO | Logging to file: logs/project_log.log
2025-09-28 19:38:29 | INFO | Log sanitization enabled, personal info removed
2025-09-28 19:39:36 | INFO | Logging to file: logs/project_log.log
2025-09-28 19:39:36 | INFO | Log sanitization enabled, personal info removed
2025-09-28 19:39:37 | INFO | Starting Producer to run continuously.
2025-09-28 19:39:37 | INFO | Use Ctrl+C to stop.
2025-09-28 19:39:37 | INFO | MESSAGE_INTERVAL_SECONDS: 5
2025-09-28 19:39:37 | INFO | BUZZ_TOPIC: buzzline
2025-09-28 19:39:37 | INFO | KAFKA_BROKER_ADDRESS: 127.0.0.1:9092
2025-09-28 19:39:37 | INFO | BASE_DATA_DIR: PROJECT_ROOT/data
2025-09-28 19:39:37 | INFO | LIVE_DATA_PATH: PROJECT_ROOT/data/project_live.json
2025-09-28 19:39:37 | INFO | BASE_DATA_DIR: PROJECT_ROOT/data
2025-09-28 19:39:37 | INFO | SQLITE_PATH: PROJECT_ROOT/data/buzz.sqlite
2025-09-28 19:39:37 | INFO | Kafka broker address: localhost:9092
2025-09-28 19:39:37 | INFO | Kafka is ready. Brokers: {'throttle_time_ms': 0, 'brokers': [{'node_id': 1, 'host': 'localhost', 'port': 9092, 'rack': None}], 'cluster_id': 'HpVDt2xUThyOIoAj7H8wjg', 'controller_id': 1}
2025-09-28 19:39:39 | WARNING | WARNING: Kafka setup failed: NoBrokersAvailable
2025-09-28 19:39:39 | INFO | {'message': 'I just tried Python! It was funny.', 'author': 'Eve', 'timestamp': '2025-09-28 19:39:39', 'category': 'tech', 'sentiment': 0.04, 'keyword_mentioned': 'Python', 'message_length': 34}
2025-09-28 19:39:44 | INFO | {'message': 'I just loved an app! It was exciting.', 'author': 'Charlie', 'timestamp': '2025-09-28 19:39:44', 'category': 'other', 'sentiment': 0.19, 'keyword_mentioned': 'other', 'message_length': 37}
2025-09-28 19:39:49 | INFO | {'message': 'I just shared a meme! It was exciting.', 'author': 'Charlie', 'timestamp': '2025-09-28 19:39:49', 'category': 'humor', 'sentiment': 0.2, 'keyword_mentioned': 'meme', 'message_length': 38}
2025-09-28 19:39:54 | INFO | {'message': 'I just tried travel! It was exciting.', 'author': 'Alice', 'timestamp': '2025-09-28 19:39:54', 'category': 'travel', 'sentiment': 0.31, 'keyword_mentioned': 'travel', 'message_length': 37}
2025-09-28 19:39:59 | INFO | {'message': 'I just saw a meme! It was boring.', 'author': 'Eve', 'timestamp': '2025-09-28 19:39:59', 'category': 'humor', 'sentiment': 0.45, 'keyword_mentioned': 'meme', 'message_length': 33}
2025-09-28 19:40:04 | INFO | {'message': 'I just shared JavaScript! It was boring.', 'author': 'Eve', 'timestamp': '2025-09-28 19:40:04', 'category': 'tech', 'sentiment': 0.35, 'keyword_mentioned': 'JavaScript', 'message_length': 40}
2025-09-28 19:40:09 | INFO | {'message': 'I just loved JavaScript! It was weird.', 'author': 'Alice', 'timestamp': '2025-09-28 19:40:09', 'category': 'tech', 'sentiment': 0.63, 'keyword_mentioned': 'JavaScript', 'message_length': 38}
2025-09-28 19:40:14 | INFO | {'message': 'I just shared Python! It was amazing.', 'author': 'Alice', 'timestamp': '2025-09-28 19:40:14', 'category': 'tech', 'sentiment': 0.04, 'keyword_mentioned': 'Python', 'message_length': 37}
2025-09-28 19:40:19 | INFO | {'message': 'I just tried an app! It was weird.', 'author': 'Alice', 'timestamp': '2025-09-28 19:40:19', 'category': 'other', 'sentiment': 1.0, 'keyword_mentioned': 'other', 'message_length': 34}
2025-09-28 19:40:24 | INFO | {'message': 'I just found an app! It was boring.', 'author': 'Charlie', 'timestamp': '2025-09-28 19:40:24', 'category': 'other', 'sentiment': 0.3, 'keyword_mentioned': 'other', 'message_length': 35}
2025-09-28 19:40:29 | INFO | {'message': 'I just loved a meme! It was exciting.', 'author': 'Eve', 'timestamp': '2025-09-28 19:40:29', 'category': 'humor', 'sentiment': 0.93, 'keyword_mentioned': 'meme', 'message_length': 37}
2025-09-28 19:40:34 | INFO | {'message': 'I just saw JavaScript! It was boring.', 'author': 'Bob', 'timestamp': '2025-09-28 19:40:34', 'category': 'tech', 'sentiment': 0.73, 'keyword_mentioned': 'JavaScript', 'message_length': 37}
2025-09-28 19:40:39 | INFO | {'message': 'I just tried a movie! It was funny.', 'author': 'Charlie', 'timestamp': '2025-09-28 19:40:39', 'category': 'entertainment', 'sentiment': 0.54, 'keyword_mentioned': 'movie', 'message_length': 35}
2025-09-28 19:40:44 | INFO | {'message': 'I just saw a movie! It was boring.', 'author': 'Eve', 'timestamp': '2025-09-28 19:40:44', 'category': 'entertainment', 'sentiment': 0.23, 'keyword_mentioned': 'movie', 'message_length': 34}
2025-09-28 19:40:49 | INFO | {'message': 'I just saw a trick! It was weird.', 'author': 'Eve', 'timestamp': '2025-09-28 19:40:49', 'category': 'other', 'sentiment': 0.47, 'keyword_mentioned': 'other', 'message_length': 33}
2025-09-28 19:40:54 | INFO | {'message': 'I just saw Python! It was exciting.', 'author': 'Alice', 'timestamp': '2025-09-28 19:40:54', 'category': 'tech', 'sentiment': 0.25, 'keyword_mentioned': 'Python', 'message_length': 35}
2025-09-28 19:40:59 | INFO | {'message': 'I just saw travel! It was weird.', 'author': 'Bob', 'timestamp': '2025-09-28 19:40:59', 'category': 'travel', 'sentiment': 0.45, 'keyword_mentioned': 'travel', 'message_length': 32}
2025-09-28 19:41:04 | INFO | {'message': 'I just saw a meme! It was funny.', 'author': 'Alice', 'timestamp': '2025-09-28 19:41:04', 'category': 'humor', 'sentiment': 0.16, 'keyword_mentioned': 'meme', 'message_length': 32}
2025-09-28 19:41:09 | INFO | {'message': 'I just loved JavaScript! It was amazing.', 'author': 'Charlie', 'timestamp': '2025-09-28 19:41:09', 'category': 'tech', 'sentiment': 0.68, 'keyword_mentioned': 'JavaScript', 'message_length': 40}
2025-09-28 19:41:14 | INFO | {'message': 'I just loved a story! It was amazing.', 'author': 'Bob', 'timestamp': '2025-09-28 19:41:14', 'category': 'other', 'sentiment': 0.74, 'keyword_mentioned': 'other', 'message_length': 37}
2025-09-28 19:41:19 | INFO | {'message': 'I just shared recipe! It was boring.', 'author': 'Charlie', 'timestamp': '2025-09-28 19:41:19', 'category': 'food', 'sentiment': 0.82, 'keyword_mentioned': 'recipe', 'message_length': 36}
2025-09-28 19:41:21 | INFO | Logging to file: logs/project_log.log
2025-09-28 19:41:21 | INFO | Log sanitization enabled, personal info removed
2025-09-28 19:41:21 | INFO | Starting Consumer to run continuously.
2025-09-28 19:41:21 | INFO | Things can fail or get interrupted, so use a try block.
2025-09-28 19:41:21 | INFO | Moved .env variables into a utils config module.
2025-09-28 19:41:21 | INFO | STEP 1. Read environment variables using new config functions.
2025-09-28 19:41:21 | INFO | MESSAGE_INTERVAL_SECONDS: 5
2025-09-28 19:41:21 | INFO | BASE_DATA_DIR: PROJECT_ROOT/data
2025-09-28 19:41:21 | INFO | LIVE_DATA_PATH: PROJECT_ROOT/data/project_live.json
2025-09-28 19:41:21 | INFO | BASE_DATA_DIR: PROJECT_ROOT/data
2025-09-28 19:41:21 | INFO | SQLITE_PATH: PROJECT_ROOT/data/buzz.sqlite
2025-09-28 19:41:21 | INFO | SUCCESS: Read environment variables.
2025-09-28 19:41:21 | INFO | STEP 2. Delete any prior database file for a fresh start.
2025-09-28 19:41:21 | INFO | STEP 3. Initialize a new database with an empty table.
2025-09-28 19:41:21 | INFO | Calling SQLite init_db() with {db_path=}.
2025-09-28 19:41:21 | INFO | SUCCESS: Got a cursor to execute SQL.
2025-09-28 19:41:21 | INFO | SUCCESS: Database initialized and table ready at PROJECT_ROOT/data/buzz.sqlite.
2025-09-28 19:41:21 | INFO | STEP 4. Begin consuming and storing messages.
2025-09-28 19:41:21 | INFO | Called consume_messages_from_file() with:
2025-09-28 19:41:21 | INFO |    live_data_path=WindowsPath('C:/Projects/buzzline-05-gbogbo/data/project_live.json')
2025-09-28 19:41:21 | INFO |    sql_path=WindowsPath('C:/Projects/buzzline-05-gbogbo/data/buzz.sqlite')
2025-09-28 19:41:21 | INFO |    interval_secs=5
2025-09-28 19:41:21 | INFO |    last_position=0
2025-09-28 19:41:21 | INFO | 1. Initialize the database.
2025-09-28 19:41:21 | INFO | Calling SQLite init_db() with {db_path=}.
2025-09-28 19:41:21 | INFO | SUCCESS: Got a cursor to execute SQL.
2025-09-28 19:41:21 | INFO | SUCCESS: Database initialized and table ready at PROJECT_ROOT/data/buzz.sqlite.
2025-09-28 19:41:21 | INFO | 2. Set the last position to 0 to start at the beginning of the file.
2025-09-28 19:41:21 | INFO | 3. Read from live data file at position 0.
2025-09-28 19:41:21 | INFO | Processed message: {'message': 'I just tried Python! It was funny.', 'author': 'Eve', 'timestamp': '2025-09-28 19:39:39', 'category': 'tech', 'sentiment': 0.04, 'keyword_mentioned': 'Python', 'message_length': 34}
2025-09-28 19:41:21 | INFO | Calling SQLite insert_message() with:
2025-09-28 19:41:21 | INFO | message={'message': 'I just tried Python! It was funny.', 'author': 'Eve', 'timestamp': '2025-09-28 19:39:39', 'category': 'tech', 'sentiment': 0.04, 'keyword_mentioned': 'Python', 'message_length': 34}
2025-09-28 19:41:21 | INFO | db_path=WindowsPath('C:/Projects/buzzline-05-gbogbo/data/buzz.sqlite')
2025-09-28 19:41:21 | INFO | Inserted one message into the database.
2025-09-28 19:41:21 | INFO | Processed message: {'message': 'I just loved an app! It was exciting.', 'author': 'Charlie', 'timestamp': '2025-09-28 19:39:44', 'category': 'other', 'sentiment': 0.19, 'keyword_mentioned': 'other', 'message_length': 37}
2025-09-28 19:41:21 | INFO | Calling SQLite insert_message() with:
2025-09-28 19:41:21 | INFO | message={'message': 'I just loved an app! It was exciting.', 'author': 'Charlie', 'timestamp': '2025-09-28 19:39:44', 'category': 'other', 'sentiment': 0.19, 'keyword_mentioned': 'other', 'message_length': 37}
2025-09-28 19:41:21 | INFO | db_path=WindowsPath('C:/Projects/buzzline-05-gbogbo/data/buzz.sqlite')
2025-09-28 19:41:21 | INFO | Inserted one message into the database.
2025-09-28 19:41:21 | INFO | Processed message: {'message': 'I just shared a meme! It was exciting.', 'author': 'Charlie', 'timestamp': '2025-09-28 19:39:49', 'category': 'humor', 'sentiment': 0.2, 'keyword_mentioned': 'meme', 'message_length': 38}
2025-09-28 19:41:21 | INFO | Calling SQLite insert_message() with:
2025-09-28 19:41:21 | INFO | message={'message': 'I just shared a meme! It was exciting.', 'author': 'Charlie', 'timestamp': '2025-09-28 19:39:49', 'category': 'humor', 'sentiment': 0.2, 'keyword_mentioned': 'meme', 'message_length': 38}
2025-09-28 19:41:21 | INFO | db_path=WindowsPath('C:/Projects/buzzline-05-gbogbo/data/buzz.sqlite')
2025-09-28 19:41:21 | INFO | Inserted one message into the database.
2025-09-28 19:41:21 | INFO | Processed message: {'message': 'I just tried travel! It was exciting.', 'author': 'Alice', 'timestamp': '2025-09-28 19:39:54', 'category': 'travel', 'sentiment': 0.31, 'keyword_mentioned': 'travel', 'message_length': 37}
2025-09-28 19:41:21 | INFO | Calling SQLite insert_message() with:
2025-09-28 19:41:21 | INFO | message={'message': 'I just tried travel! It was exciting.', 'author': 'Alice', 'timestamp': '2025-09-28 19:39:54', 'category': 'travel', 'sentiment': 0.31, 'keyword_mentioned': 'travel', 'message_length': 37}
2025-09-28 19:41:21 | INFO | db_path=WindowsPath('C:/Projects/buzzline-05-gbogbo/data/buzz.sqlite')
2025-09-28 19:41:21 | INFO | Inserted one message into the database.
2025-09-28 19:41:21 | INFO | Processed message: {'message': 'I just saw a meme! It was boring.', 'author': 'Eve', 'timestamp': '2025-09-28 19:39:59', 'category': 'humor', 'sentiment': 0.45, 'keyword_mentioned': 'meme', 'message_length': 33}
2025-09-28 19:41:21 | INFO | Calling SQLite insert_message() with:
2025-09-28 19:41:21 | INFO | message={'message': 'I just saw a meme! It was boring.', 'author': 'Eve', 'timestamp': '2025-09-28 19:39:59', 'category': 'humor', 'sentiment': 0.45, 'keyword_mentioned': 'meme', 'message_length': 33}
2025-09-28 19:41:21 | INFO | db_path=WindowsPath('C:/Projects/buzzline-05-gbogbo/data/buzz.sqlite')
2025-09-28 19:41:21 | INFO | Inserted one message into the database.
2025-09-28 19:41:21 | INFO | Processed message: {'message': 'I just shared JavaScript! It was boring.', 'author': 'Eve', 'timestamp': '2025-09-28 19:40:04', 'category': 'tech', 'sentiment': 0.35, 'keyword_mentioned': 'JavaScript', 'message_length': 40}
2025-09-28 19:41:21 | INFO | Calling SQLite insert_message() with:
2025-09-28 19:41:21 | INFO | message={'message': 'I just shared JavaScript! It was boring.', 'author': 'Eve', 'timestamp': '2025-09-28 19:40:04', 'category': 'tech', 'sentiment': 0.35, 'keyword_mentioned': 'JavaScript', 'message_length': 40}
2025-09-28 19:41:21 | INFO | db_path=WindowsPath('C:/Projects/buzzline-05-gbogbo/data/buzz.sqlite')
2025-09-28 19:41:21 | INFO | Inserted one message into the database.
2025-09-28 19:41:21 | INFO | Processed message: {'message': 'I just loved JavaScript! It was weird.', 'author': 'Alice', 'timestamp': '2025-09-28 19:40:09', 'category': 'tech', 'sentiment': 0.63, 'keyword_mentioned': 'JavaScript', 'message_length': 38}
2025-09-28 19:41:21 | INFO | Calling SQLite insert_message() with:
2025-09-28 19:41:21 | INFO | message={'message': 'I just loved JavaScript! It was weird.', 'author': 'Alice', 'timestamp': '2025-09-28 19:40:09', 'category': 'tech', 'sentiment': 0.63, 'keyword_mentioned': 'JavaScript', 'message_length': 38}
2025-09-28 19:41:21 | INFO | db_path=WindowsPath('C:/Projects/buzzline-05-gbogbo/data/buzz.sqlite')
2025-09-28 19:41:21 | INFO | Inserted one message into the database.
2025-09-28 19:41:21 | INFO | Processed message: {'message': 'I just shared Python! It was amazing.', 'author': 'Alice', 'timestamp': '2025-09-28 19:40:14', 'category': 'tech', 'sentiment': 0.04, 'keyword_mentioned': 'Python', 'message_length': 37}
2025-09-28 19:41:21 | INFO | Calling SQLite insert_message() with:
2025-09-28 19:41:21 | INFO | message={'message': 'I just shared Python! It was amazing.', 'author': 'Alice', 'timestamp': '2025-09-28 19:40:14', 'category': 'tech', 'sentiment': 0.04, 'keyword_mentioned': 'Python', 'message_length': 37}
2025-09-28 19:41:21 | INFO | db_path=WindowsPath('C:/Projects/buzzline-05-gbogbo/data/buzz.sqlite')
2025-09-28 19:41:21 | INFO | Inserted one message into the database.
2025-09-28 19:41:21 | INFO | Processed message: {'message': 'I just tried an app! It was weird.', 'author': 'Alice', 'timestamp': '2025-09-28 19:40:19', 'category': 'other', 'sentiment': 1.0, 'keyword_mentioned': 'other', 'message_length': 34}
2025-09-28 19:41:21 | INFO | Calling SQLite insert_message() with:
2025-09-28 19:41:21 | INFO | message={'message': 'I just tried an app! It was weird.', 'author': 'Alice', 'timestamp': '2025-09-28 19:40:19', 'category': 'other', 'sentiment': 1.0, 'keyword_mentioned': 'other', 'message_length': 34}
2025-09-28 19:41:21 | INFO | db_path=WindowsPath('C:/Projects/buzzline-05-gbogbo/data/buzz.sqlite')
2025-09-28 19:41:21 | INFO | Inserted one message into the database.
2025-09-28 19:41:21 | INFO | Processed message: {'message': 'I just found an app! It was boring.', 'author': 'Charlie', 'timestamp': '2025-09-28 19:40:24', 'category': 'other', 'sentiment': 0.3, 'keyword_mentioned': 'other', 'message_length': 35}
2025-09-28 19:41:21 | INFO | Calling SQLite insert_message() with:
2025-09-28 19:41:21 | INFO | message={'message': 'I just found an app! It was boring.', 'author': 'Charlie', 'timestamp': '2025-09-28 19:40:24', 'category': 'other', 'sentiment': 0.3, 'keyword_mentioned': 'other', 'message_length': 35}
2025-09-28 19:41:21 | INFO | db_path=WindowsPath('C:/Projects/buzzline-05-gbogbo/data/buzz.sqlite')
2025-09-28 19:41:21 | INFO | Inserted one message into the database.
2025-09-28 19:41:21 | INFO | Processed message: {'message': 'I just loved a meme! It was exciting.', 'author': 'Eve', 'timestamp': '2025-09-28 19:40:29', 'category': 'humor', 'sentiment': 0.93, 'keyword_mentioned': 'meme', 'message_length': 37}
2025-09-28 19:41:21 | INFO | Calling SQLite insert_message() with:
2025-09-28 19:41:21 | INFO | message={'message': 'I just loved a meme! It was exciting.', 'author': 'Eve', 'timestamp': '2025-09-28 19:40:29', 'category': 'humor', 'sentiment': 0.93, 'keyword_mentioned': 'meme', 'message_length': 37}
2025-09-28 19:41:21 | INFO | db_path=WindowsPath('C:/Projects/buzzline-05-gbogbo/data/buzz.sqlite')
2025-09-28 19:41:21 | INFO | Inserted one message into the database.
2025-09-28 19:41:21 | INFO | Processed message: {'message': 'I just saw JavaScript! It was boring.', 'author': 'Bob', 'timestamp': '2025-09-28 19:40:34', 'category': 'tech', 'sentiment': 0.73, 'keyword_mentioned': 'JavaScript', 'message_length': 37}
2025-09-28 19:41:21 | INFO | Calling SQLite insert_message() with:
2025-09-28 19:41:21 | INFO | message={'message': 'I just saw JavaScript! It was boring.', 'author': 'Bob', 'timestamp': '2025-09-28 19:40:34', 'category': 'tech', 'sentiment': 0.73, 'keyword_mentioned': 'JavaScript', 'message_length': 37}
2025-09-28 19:41:21 | INFO | db_path=WindowsPath('C:/Projects/buzzline-05-gbogbo/data/buzz.sqlite')
2025-09-28 19:41:21 | INFO | Inserted one message into the database.
2025-09-28 19:41:21 | INFO | Processed message: {'message': 'I just tried a movie! It was funny.', 'author': 'Charlie', 'timestamp': '2025-09-28 19:40:39', 'category': 'entertainment', 'sentiment': 0.54, 'keyword_mentioned': 'movie', 'message_length': 35}
2025-09-28 19:41:21 | INFO | Calling SQLite insert_message() with:
2025-09-28 19:41:21 | INFO | message={'message': 'I just tried a movie! It was funny.', 'author': 'Charlie', 'timestamp': '2025-09-28 19:40:39', 'category': 'entertainment', 'sentiment': 0.54, 'keyword_mentioned': 'movie', 'message_length': 35}
2025-09-28 19:41:21 | INFO | db_path=WindowsPath('C:/Projects/buzzline-05-gbogbo/data/buzz.sqlite')
2025-09-28 19:41:21 | INFO | Inserted one message into the database.
2025-09-28 19:41:21 | INFO | Processed message: {'message': 'I just saw a movie! It was boring.', 'author': 'Eve', 'timestamp': '2025-09-28 19:40:44', 'category': 'entertainment', 'sentiment': 0.23, 'keyword_mentioned': 'movie', 'message_length': 34}
2025-09-28 19:41:21 | INFO | Calling SQLite insert_message() with:
2025-09-28 19:41:21 | INFO | message={'message': 'I just saw a movie! It was boring.', 'author': 'Eve', 'timestamp': '2025-09-28 19:40:44', 'category': 'entertainment', 'sentiment': 0.23, 'keyword_mentioned': 'movie', 'message_length': 34}
2025-09-28 19:41:21 | INFO | db_path=WindowsPath('C:/Projects/buzzline-05-gbogbo/data/buzz.sqlite')
2025-09-28 19:41:21 | INFO | Inserted one message into the database.
2025-09-28 19:41:21 | INFO | Processed message: {'message': 'I just saw a trick! It was weird.', 'author': 'Eve', 'timestamp': '2025-09-28 19:40:49', 'category': 'other', 'sentiment': 0.47, 'keyword_mentioned': 'other', 'message_length': 33}
2025-09-28 19:41:21 | INFO | Calling SQLite insert_message() with:
2025-09-28 19:41:21 | INFO | message={'message': 'I just saw a trick! It was weird.', 'author': 'Eve', 'timestamp': '2025-09-28 19:40:49', 'category': 'other', 'sentiment': 0.47, 'keyword_mentioned': 'other', 'message_length': 33}
2025-09-28 19:41:21 | INFO | db_path=WindowsPath('C:/Projects/buzzline-05-gbogbo/data/buzz.sqlite')
2025-09-28 19:41:21 | INFO | Inserted one message into the database.
2025-09-28 19:41:21 | INFO | Processed message: {'message': 'I just saw Python! It was exciting.', 'author': 'Alice', 'timestamp': '2025-09-28 19:40:54', 'category': 'tech', 'sentiment': 0.25, 'keyword_mentioned': 'Python', 'message_length': 35}
2025-09-28 19:41:21 | INFO | Calling SQLite insert_message() with:
2025-09-28 19:41:21 | INFO | message={'message': 'I just saw Python! It was exciting.', 'author': 'Alice', 'timestamp': '2025-09-28 19:40:54', 'category': 'tech', 'sentiment': 0.25, 'keyword_mentioned': 'Python', 'message_length': 35}
2025-09-28 19:41:21 | INFO | db_path=WindowsPath('C:/Projects/buzzline-05-gbogbo/data/buzz.sqlite')
2025-09-28 19:41:21 | INFO | Inserted one message into the database.
2025-09-28 19:41:21 | INFO | Processed message: {'message': 'I just saw travel! It was weird.', 'author': 'Bob', 'timestamp': '2025-09-28 19:40:59', 'category': 'travel', 'sentiment': 0.45, 'keyword_mentioned': 'travel', 'message_length': 32}
2025-09-28 19:41:21 | INFO | Calling SQLite insert_message() with:
2025-09-28 19:41:21 | INFO | message={'message': 'I just saw travel! It was weird.', 'author': 'Bob', 'timestamp': '2025-09-28 19:40:59', 'category': 'travel', 'sentiment': 0.45, 'keyword_mentioned': 'travel', 'message_length': 32}
2025-09-28 19:41:21 | INFO | db_path=WindowsPath('C:/Projects/buzzline-05-gbogbo/data/buzz.sqlite')
2025-09-28 19:41:21 | INFO | Inserted one message into the database.
2025-09-28 19:41:21 | INFO | Processed message: {'message': 'I just saw a meme! It was funny.', 'author': 'Alice', 'timestamp': '2025-09-28 19:41:04', 'category': 'humor', 'sentiment': 0.16, 'keyword_mentioned': 'meme', 'message_length': 32}
2025-09-28 19:41:21 | INFO | Calling SQLite insert_message() with:
2025-09-28 19:41:21 | INFO | message={'message': 'I just saw a meme! It was funny.', 'author': 'Alice', 'timestamp': '2025-09-28 19:41:04', 'category': 'humor', 'sentiment': 0.16, 'keyword_mentioned': 'meme', 'message_length': 32}
2025-09-28 19:41:21 | INFO | db_path=WindowsPath('C:/Projects/buzzline-05-gbogbo/data/buzz.sqlite')
2025-09-28 19:41:21 | INFO | Inserted one message into the database.
2025-09-28 19:41:21 | INFO | Processed message: {'message': 'I just loved JavaScript! It was amazing.', 'author': 'Charlie', 'timestamp': '2025-09-28 19:41:09', 'category': 'tech', 'sentiment': 0.68, 'keyword_mentioned': 'JavaScript', 'message_length': 40}
2025-09-28 19:41:21 | INFO | Calling SQLite insert_message() with:
2025-09-28 19:41:21 | INFO | message={'message': 'I just loved JavaScript! It was amazing.', 'author': 'Charlie', 'timestamp': '2025-09-28 19:41:09', 'category': 'tech', 'sentiment': 0.68, 'keyword_mentioned': 'JavaScript', 'message_length': 40}
2025-09-28 19:41:21 | INFO | db_path=WindowsPath('C:/Projects/buzzline-05-gbogbo/data/buzz.sqlite')
2025-09-28 19:41:21 | INFO | Inserted one message into the database.
2025-09-28 19:41:21 | INFO | Processed message: {'message': 'I just loved a story! It was amazing.', 'author': 'Bob', 'timestamp': '2025-09-28 19:41:14', 'category': 'other', 'sentiment': 0.74, 'keyword_mentioned': 'other', 'message_length': 37}
2025-09-28 19:41:21 | INFO | Calling SQLite insert_message() with:
2025-09-28 19:41:21 | INFO | message={'message': 'I just loved a story! It was amazing.', 'author': 'Bob', 'timestamp': '2025-09-28 19:41:14', 'category': 'other', 'sentiment': 0.74, 'keyword_mentioned': 'other', 'message_length': 37}
2025-09-28 19:41:21 | INFO | db_path=WindowsPath('C:/Projects/buzzline-05-gbogbo/data/buzz.sqlite')
2025-09-28 19:41:21 | INFO | Inserted one message into the database.
2025-09-28 19:41:21 | INFO | Processed message: {'message': 'I just shared recipe! It was boring.', 'author': 'Charlie', 'timestamp': '2025-09-28 19:41:19', 'category': 'food', 'sentiment': 0.82, 'keyword_mentioned': 'recipe', 'message_length': 36}
2025-09-28 19:41:21 | INFO | Calling SQLite insert_message() with:
2025-09-28 19:41:21 | INFO | message={'message': 'I just shared recipe! It was boring.', 'author': 'Charlie', 'timestamp': '2025-09-28 19:41:19', 'category': 'food', 'sentiment': 0.82, 'keyword_mentioned': 'recipe', 'message_length': 36}
2025-09-28 19:41:21 | INFO | db_path=WindowsPath('C:/Projects/buzzline-05-gbogbo/data/buzz.sqlite')
2025-09-28 19:41:21 | INFO | Inserted one message into the database.
2025-09-28 19:41:21 | INFO | TRY/FINALLY: Consumer shutting down.
2025-09-28 19:41:24 | INFO | {'message': 'I just shared JavaScript! It was exciting.', 'author': 'Alice', 'timestamp': '2025-09-28 19:41:24', 'category': 'tech', 'sentiment': 0.16, 'keyword_mentioned': 'JavaScript', 'message_length': 42}
2025-09-28 19:41:29 | INFO | {'message': 'I just saw travel! It was amazing.', 'author': 'Alice', 'timestamp': '2025-09-28 19:41:29', 'category': 'travel', 'sentiment': 0.32, 'keyword_mentioned': 'travel', 'message_length': 34}
2025-09-28 19:41:34 | INFO | {'message': 'I just found a meme! It was weird.', 'author': 'Eve', 'timestamp': '2025-09-28 19:41:34', 'category': 'humor', 'sentiment': 0.09, 'keyword_mentioned': 'meme', 'message_length': 34}
2025-09-28 19:41:39 | INFO | {'message': 'I just shared game! It was amazing.', 'author': 'Charlie', 'timestamp': '2025-09-28 19:41:39', 'category': 'gaming', 'sentiment': 0.87, 'keyword_mentioned': 'game', 'message_length': 35}
2025-09-28 19:41:44 | INFO | {'message': 'I just saw travel! It was exciting.', 'author': 'Alice', 'timestamp': '2025-09-28 19:41:44', 'category': 'travel', 'sentiment': 0.09, 'keyword_mentioned': 'travel', 'message_length': 35}
2025-09-28 19:41:49 | INFO | {'message': 'I just shared a story! It was boring.', 'author': 'Charlie', 'timestamp': '2025-09-28 19:41:49', 'category': 'other', 'sentiment': 0.32, 'keyword_mentioned': 'other', 'message_length': 37}
2025-09-28 19:41:54 | INFO | {'message': 'I just loved an app! It was boring.', 'author': 'Eve', 'timestamp': '2025-09-28 19:41:54', 'category': 'other', 'sentiment': 0.2, 'keyword_mentioned': 'other', 'message_length': 35}
2025-09-28 19:41:59 | INFO | {'message': 'I just loved a trick! It was exciting.', 'author': 'Charlie', 'timestamp': '2025-09-28 19:41:59', 'category': 'other', 'sentiment': 0.41, 'keyword_mentioned': 'other', 'message_length': 38}
2025-09-28 19:42:04 | INFO | {'message': 'I just loved game! It was amazing.', 'author': 'Alice', 'timestamp': '2025-09-28 19:42:04', 'category': 'gaming', 'sentiment': 0.8, 'keyword_mentioned': 'game', 'message_length': 34}
2025-09-28 19:42:09 | INFO | {'message': 'I just loved game! It was amazing.', 'author': 'Charlie', 'timestamp': '2025-09-28 19:42:09', 'category': 'gaming', 'sentiment': 0.98, 'keyword_mentioned': 'game', 'message_length': 34}
2025-09-28 19:42:14 | INFO | {'message': 'I just tried Python! It was boring.', 'author': 'Eve', 'timestamp': '2025-09-28 19:42:14', 'category': 'tech', 'sentiment': 0.44, 'keyword_mentioned': 'Python', 'message_length': 35}
2025-09-28 19:42:19 | INFO | {'message': 'I just loved a trick! It was weird.', 'author': 'Charlie', 'timestamp': '2025-09-28 19:42:19', 'category': 'other', 'sentiment': 0.07, 'keyword_mentioned': 'other', 'message_length': 35}
2025-09-28 19:42:24 | INFO | {'message': 'I just loved Python! It was funny.', 'author': 'Alice', 'timestamp': '2025-09-28 19:42:24', 'category': 'tech', 'sentiment': 0.87, 'keyword_mentioned': 'Python', 'message_length': 34}
2025-09-28 19:42:29 | INFO | {'message': 'I just saw JavaScript! It was amazing.', 'author': 'Eve', 'timestamp': '2025-09-28 19:42:29', 'category': 'tech', 'sentiment': 0.23, 'keyword_mentioned': 'JavaScript', 'message_length': 38}
2025-09-28 19:42:34 | INFO | {'message': 'I just loved travel! It was weird.', 'author': 'Charlie', 'timestamp': '2025-09-28 19:42:34', 'category': 'travel', 'sentiment': 0.57, 'keyword_mentioned': 'travel', 'message_length': 34}
2025-09-28 19:42:39 | INFO | {'message': 'I just found Python! It was exciting.', 'author': 'Eve', 'timestamp': '2025-09-28 19:42:39', 'category': 'tech', 'sentiment': 0.29, 'keyword_mentioned': 'Python', 'message_length': 37}
2025-09-28 19:42:44 | INFO | {'message': 'I just found a trick! It was exciting.', 'author': 'Bob', 'timestamp': '2025-09-28 19:42:44', 'category': 'other', 'sentiment': 0.02, 'keyword_mentioned': 'other', 'message_length': 38}
2025-09-28 19:42:49 | INFO | {'message': 'I just saw a story! It was exciting.', 'author': 'Charlie', 'timestamp': '2025-09-28 19:42:49', 'category': 'other', 'sentiment': 0.77, 'keyword_mentioned': 'other', 'message_length': 36}
2025-09-28 19:42:54 | INFO | {'message': 'I just loved recipe! It was weird.', 'author': 'Eve', 'timestamp': '2025-09-28 19:42:54', 'category': 'food', 'sentiment': 0.22, 'keyword_mentioned': 'recipe', 'message_length': 34}
2025-09-28 19:42:59 | INFO | {'message': 'I just found JavaScript! It was funny.', 'author': 'Alice', 'timestamp': '2025-09-28 19:42:59', 'category': 'tech', 'sentiment': 0.55, 'keyword_mentioned': 'JavaScript', 'message_length': 38}
2025-09-28 19:43:04 | INFO | {'message': 'I just loved a meme! It was amazing.', 'author': 'Alice', 'timestamp': '2025-09-28 19:43:04', 'category': 'humor', 'sentiment': 0.01, 'keyword_mentioned': 'meme', 'message_length': 36}
2025-09-28 19:43:09 | INFO | {'message': 'I just tried a movie! It was amazing.', 'author': 'Charlie', 'timestamp': '2025-09-28 19:43:09', 'category': 'entertainment', 'sentiment': 0.2, 'keyword_mentioned': 'movie', 'message_length': 37}
2025-09-28 19:43:14 | INFO | {'message': 'I just saw a movie! It was exciting.', 'author': 'Charlie', 'timestamp': '2025-09-28 19:43:14', 'category': 'entertainment', 'sentiment': 0.04, 'keyword_mentioned': 'movie', 'message_length': 36}
2025-09-28 19:43:19 | INFO | {'message': 'I just saw a meme! It was boring.', 'author': 'Charlie', 'timestamp': '2025-09-28 19:43:19', 'category': 'humor', 'sentiment': 0.98, 'keyword_mentioned': 'meme', 'message_length': 33}
2025-09-28 19:43:24 | INFO | {'message': 'I just found recipe! It was funny.', 'author': 'Alice', 'timestamp': '2025-09-28 19:43:24', 'category': 'food', 'sentiment': 0.47, 'keyword_mentioned': 'recipe', 'message_length': 34}
2025-09-28 19:43:29 | INFO | {'message': 'I just shared a movie! It was boring.', 'author': 'Alice', 'timestamp': '2025-09-28 19:43:29', 'category': 'entertainment', 'sentiment': 0.59, 'keyword_mentioned': 'movie', 'message_length': 37}
2025-09-28 19:43:34 | INFO | {'message': 'I just loved game! It was weird.', 'author': 'Alice', 'timestamp': '2025-09-28 19:43:34', 'category': 'gaming', 'sentiment': 0.03, 'keyword_mentioned': 'game', 'message_length': 32}
2025-09-28 19:43:39 | INFO | {'message': 'I just loved a meme! It was exciting.', 'author': 'Alice', 'timestamp': '2025-09-28 19:43:39', 'category': 'humor', 'sentiment': 0.56, 'keyword_mentioned': 'meme', 'message_length': 37}
2025-09-28 19:43:44 | INFO | {'message': 'I just saw an app! It was exciting.', 'author': 'Alice', 'timestamp': '2025-09-28 19:43:44', 'category': 'other', 'sentiment': 0.01, 'keyword_mentioned': 'other', 'message_length': 35}
2025-09-28 19:43:49 | INFO | {'message': 'I just shared a meme! It was boring.', 'author': 'Eve', 'timestamp': '2025-09-28 19:43:49', 'category': 'humor', 'sentiment': 0.83, 'keyword_mentioned': 'meme', 'message_length': 36}
2025-09-28 19:43:54 | INFO | {'message': 'I just found JavaScript! It was funny.', 'author': 'Alice', 'timestamp': '2025-09-28 19:43:54', 'category': 'tech', 'sentiment': 0.57, 'keyword_mentioned': 'JavaScript', 'message_length': 38}
2025-09-28 19:43:59 | INFO | {'message': 'I just found recipe! It was weird.', 'author': 'Bob', 'timestamp': '2025-09-28 19:43:59', 'category': 'food', 'sentiment': 0.4, 'keyword_mentioned': 'recipe', 'message_length': 34}
2025-09-28 19:44:04 | INFO | {'message': 'I just tried a story! It was funny.', 'author': 'Alice', 'timestamp': '2025-09-28 19:44:04', 'category': 'other', 'sentiment': 0.61, 'keyword_mentioned': 'other', 'message_length': 35}
2025-09-28 19:44:09 | INFO | {'message': 'I just tried a meme! It was exciting.', 'author': 'Eve', 'timestamp': '2025-09-28 19:44:09', 'category': 'humor', 'sentiment': 0.12, 'keyword_mentioned': 'meme', 'message_length': 37}
2025-09-28 19:44:14 | INFO | {'message': 'I just found a trick! It was weird.', 'author': 'Charlie', 'timestamp': '2025-09-28 19:44:14', 'category': 'other', 'sentiment': 0.14, 'keyword_mentioned': 'other', 'message_length': 35}
2025-09-28 19:44:19 | INFO | {'message': 'I just tried game! It was exciting.', 'author': 'Bob', 'timestamp': '2025-09-28 19:44:19', 'category': 'gaming', 'sentiment': 0.24, 'keyword_mentioned': 'game', 'message_length': 35}
2025-09-28 19:44:24 | INFO | {'message': 'I just shared a movie! It was boring.', 'author': 'Alice', 'timestamp': '2025-09-28 19:44:24', 'category': 'entertainment', 'sentiment': 0.33, 'keyword_mentioned': 'movie', 'message_length': 37}
2025-09-28 19:44:29 | INFO | {'message': 'I just loved a movie! It was amazing.', 'author': 'Bob', 'timestamp': '2025-09-28 19:44:29', 'category': 'entertainment', 'sentiment': 0.41, 'keyword_mentioned': 'movie', 'message_length': 37}
2025-09-28 19:44:34 | INFO | {'message': 'I just tried game! It was weird.', 'author': 'Charlie', 'timestamp': '2025-09-28 19:44:34', 'category': 'gaming', 'sentiment': 0.9, 'keyword_mentioned': 'game', 'message_length': 32}
2025-09-28 19:44:39 | INFO | {'message': 'I just found game! It was amazing.', 'author': 'Charlie', 'timestamp': '2025-09-28 19:44:39', 'category': 'gaming', 'sentiment': 0.24, 'keyword_mentioned': 'game', 'message_length': 34}
2025-09-28 19:44:44 | INFO | {'message': 'I just loved game! It was boring.', 'author': 'Alice', 'timestamp': '2025-09-28 19:44:44', 'category': 'gaming', 'sentiment': 0.96, 'keyword_mentioned': 'game', 'message_length': 33}
2025-09-28 19:44:49 | INFO | {'message': 'I just shared an app! It was exciting.', 'author': 'Bob', 'timestamp': '2025-09-28 19:44:49', 'category': 'other', 'sentiment': 0.17, 'keyword_mentioned': 'other', 'message_length': 38}
2025-09-28 19:44:54 | INFO | {'message': 'I just loved a story! It was funny.', 'author': 'Charlie', 'timestamp': '2025-09-28 19:44:54', 'category': 'other', 'sentiment': 0.42, 'keyword_mentioned': 'other', 'message_length': 35}
2025-09-28 19:44:59 | INFO | {'message': 'I just shared a movie! It was amazing.', 'author': 'Bob', 'timestamp': '2025-09-28 19:44:59', 'category': 'entertainment', 'sentiment': 0.9, 'keyword_mentioned': 'movie', 'message_length': 38}
2025-09-28 19:45:04 | INFO | {'message': 'I just saw a meme! It was weird.', 'author': 'Charlie', 'timestamp': '2025-09-28 19:45:04', 'category': 'humor', 'sentiment': 0.1, 'keyword_mentioned': 'meme', 'message_length': 32}
2025-09-28 19:45:09 | INFO | {'message': 'I just tried a movie! It was funny.', 'author': 'Eve', 'timestamp': '2025-09-28 19:45:09', 'category': 'entertainment', 'sentiment': 0.96, 'keyword_mentioned': 'movie', 'message_length': 35}
2025-09-28 19:45:14 | INFO | {'message': 'I just tried a trick! It was funny.', 'author': 'Alice', 'timestamp': '2025-09-28 19:45:14', 'category': 'other', 'sentiment': 0.78, 'keyword_mentioned': 'other', 'message_length': 35}
2025-09-28 19:45:19 | INFO | {'message': 'I just loved a trick! It was weird.', 'author': 'Charlie', 'timestamp': '2025-09-28 19:45:19', 'category': 'other', 'sentiment': 0.59, 'keyword_mentioned': 'other', 'message_length': 35}
2025-09-28 19:45:24 | INFO | {'message': 'I just shared game! It was weird.', 'author': 'Alice', 'timestamp': '2025-09-28 19:45:24', 'category': 'gaming', 'sentiment': 0.84, 'keyword_mentioned': 'game', 'message_length': 33}
2025-09-28 19:45:29 | INFO | {'message': 'I just saw travel! It was funny.', 'author': 'Eve', 'timestamp': '2025-09-28 19:45:29', 'category': 'travel', 'sentiment': 0.21, 'keyword_mentioned': 'travel', 'message_length': 32}
2025-09-28 19:45:34 | INFO | {'message': 'I just shared a trick! It was funny.', 'author': 'Bob', 'timestamp': '2025-09-28 19:45:34', 'category': 'other', 'sentiment': 0.1, 'keyword_mentioned': 'other', 'message_length': 36}
2025-09-28 19:45:39 | INFO | {'message': 'I just saw JavaScript! It was boring.', 'author': 'Bob', 'timestamp': '2025-09-28 19:45:39', 'category': 'tech', 'sentiment': 0.92, 'keyword_mentioned': 'JavaScript', 'message_length': 37}
2025-09-28 19:45:44 | INFO | {'message': 'I just shared a meme! It was amazing.', 'author': 'Bob', 'timestamp': '2025-09-28 19:45:44', 'category': 'humor', 'sentiment': 0.19, 'keyword_mentioned': 'meme', 'message_length': 37}
2025-09-28 19:45:49 | INFO | {'message': 'I just found game! It was funny.', 'author': 'Alice', 'timestamp': '2025-09-28 19:45:49', 'category': 'gaming', 'sentiment': 0.18, 'keyword_mentioned': 'game', 'message_length': 32}
2025-09-28 19:45:54 | INFO | {'message': 'I just loved travel! It was boring.', 'author': 'Alice', 'timestamp': '2025-09-28 19:45:54', 'category': 'travel', 'sentiment': 0.81, 'keyword_mentioned': 'travel', 'message_length': 35}
2025-09-28 19:45:59 | INFO | {'message': 'I just shared a meme! It was amazing.', 'author': 'Alice', 'timestamp': '2025-09-28 19:45:59', 'category': 'humor', 'sentiment': 0.37, 'keyword_mentioned': 'meme', 'message_length': 37}
2025-09-28 19:46:04 | INFO | {'message': 'I just saw a movie! It was amazing.', 'author': 'Eve', 'timestamp': '2025-09-28 19:46:04', 'category': 'entertainment', 'sentiment': 0.05, 'keyword_mentioned': 'movie', 'message_length': 35}
2025-09-28 19:46:09 | INFO | {'message': 'I just tried travel! It was boring.', 'author': 'Charlie', 'timestamp': '2025-09-28 19:46:09', 'category': 'travel', 'sentiment': 0.81, 'keyword_mentioned': 'travel', 'message_length': 35}
2025-09-28 19:46:14 | INFO | {'message': 'I just shared a story! It was exciting.', 'author': 'Alice', 'timestamp': '2025-09-28 19:46:14', 'category': 'other', 'sentiment': 0.36, 'keyword_mentioned': 'other', 'message_length': 39}
2025-09-28 19:46:19 | INFO | {'message': 'I just loved game! It was exciting.', 'author': 'Bob', 'timestamp': '2025-09-28 19:46:19', 'category': 'gaming', 'sentiment': 0.66, 'keyword_mentioned': 'game', 'message_length': 35}
2025-09-28 19:46:24 | INFO | {'message': 'I just tried JavaScript! It was amazing.', 'author': 'Eve', 'timestamp': '2025-09-28 19:46:24', 'category': 'tech', 'sentiment': 0.47, 'keyword_mentioned': 'JavaScript', 'message_length': 40}
2025-09-28 19:46:29 | INFO | {'message': 'I just saw a meme! It was boring.', 'author': 'Bob', 'timestamp': '2025-09-28 19:46:29', 'category': 'humor', 'sentiment': 0.3, 'keyword_mentioned': 'meme', 'message_length': 33}
2025-09-28 19:46:34 | INFO | {'message': 'I just tried travel! It was funny.', 'author': 'Eve', 'timestamp': '2025-09-28 19:46:34', 'category': 'travel', 'sentiment': 0.7, 'keyword_mentioned': 'travel', 'message_length': 34}
2025-09-28 19:46:39 | INFO | {'message': 'I just found a trick! It was weird.', 'author': 'Eve', 'timestamp': '2025-09-28 19:46:39', 'category': 'other', 'sentiment': 0.54, 'keyword_mentioned': 'other', 'message_length': 35}
2025-09-28 19:46:44 | INFO | {'message': 'I just saw travel! It was amazing.', 'author': 'Charlie', 'timestamp': '2025-09-28 19:46:44', 'category': 'travel', 'sentiment': 0.29, 'keyword_mentioned': 'travel', 'message_length': 34}
2025-09-28 19:46:49 | INFO | {'message': 'I just found game! It was boring.', 'author': 'Bob', 'timestamp': '2025-09-28 19:46:49', 'category': 'gaming', 'sentiment': 0.91, 'keyword_mentioned': 'game', 'message_length': 33}
2025-09-28 19:46:54 | INFO | {'message': 'I just saw an app! It was amazing.', 'author': 'Alice', 'timestamp': '2025-09-28 19:46:54', 'category': 'other', 'sentiment': 0.6, 'keyword_mentioned': 'other', 'message_length': 34}
2025-09-28 19:46:59 | INFO | {'message': 'I just tried JavaScript! It was boring.', 'author': 'Charlie', 'timestamp': '2025-09-28 19:46:59', 'category': 'tech', 'sentiment': 0.59, 'keyword_mentioned': 'JavaScript', 'message_length': 39}
2025-09-28 19:47:04 | INFO | {'message': 'I just found game! It was exciting.', 'author': 'Eve', 'timestamp': '2025-09-28 19:47:04', 'category': 'gaming', 'sentiment': 0.71, 'keyword_mentioned': 'game', 'message_length': 35}
2025-09-28 19:47:09 | INFO | {'message': 'I just found travel! It was amazing.', 'author': 'Bob', 'timestamp': '2025-09-28 19:47:09', 'category': 'travel', 'sentiment': 0.68, 'keyword_mentioned': 'travel', 'message_length': 36}
2025-09-28 19:47:14 | INFO | {'message': 'I just tried a movie! It was exciting.', 'author': 'Eve', 'timestamp': '2025-09-28 19:47:14', 'category': 'entertainment', 'sentiment': 0.36, 'keyword_mentioned': 'movie', 'message_length': 38}
2025-09-28 19:47:19 | INFO | {'message': 'I just tried Python! It was boring.', 'author': 'Bob', 'timestamp': '2025-09-28 19:47:19', 'category': 'tech', 'sentiment': 0.27, 'keyword_mentioned': 'Python', 'message_length': 35}
2025-09-28 19:47:24 | INFO | {'message': 'I just tried recipe! It was exciting.', 'author': 'Alice', 'timestamp': '2025-09-28 19:47:24', 'category': 'food', 'sentiment': 0.45, 'keyword_mentioned': 'recipe', 'message_length': 37}
2025-09-28 19:47:29 | INFO | {'message': 'I just found a story! It was amazing.', 'author': 'Charlie', 'timestamp': '2025-09-28 19:47:29', 'category': 'other', 'sentiment': 0.07, 'keyword_mentioned': 'other', 'message_length': 37}
2025-09-28 19:47:34 | INFO | {'message': 'I just tried game! It was funny.', 'author': 'Bob', 'timestamp': '2025-09-28 19:47:34', 'category': 'gaming', 'sentiment': 0.61, 'keyword_mentioned': 'game', 'message_length': 32}
2025-09-28 19:47:39 | INFO | {'message': 'I just tried an app! It was boring.', 'author': 'Bob', 'timestamp': '2025-09-28 19:47:39', 'category': 'other', 'sentiment': 0.48, 'keyword_mentioned': 'other', 'message_length': 35}
2025-09-28 19:47:44 | INFO | {'message': 'I just shared an app! It was exciting.', 'author': 'Alice', 'timestamp': '2025-09-28 19:47:44', 'category': 'other', 'sentiment': 0.88, 'keyword_mentioned': 'other', 'message_length': 38}
2025-09-28 19:47:49 | INFO | {'message': 'I just saw a trick! It was weird.', 'author': 'Alice', 'timestamp': '2025-09-28 19:47:49', 'category': 'other', 'sentiment': 0.33, 'keyword_mentioned': 'other', 'message_length': 33}
2025-09-28 19:47:54 | INFO | {'message': 'I just saw game! It was funny.', 'author': 'Charlie', 'timestamp': '2025-09-28 19:47:54', 'category': 'gaming', 'sentiment': 0.8, 'keyword_mentioned': 'game', 'message_length': 30}
2025-09-28 19:47:59 | INFO | {'message': 'I just tried recipe! It was weird.', 'author': 'Eve', 'timestamp': '2025-09-28 19:47:59', 'category': 'food', 'sentiment': 0.99, 'keyword_mentioned': 'recipe', 'message_length': 34}
2025-09-28 19:48:04 | INFO | {'message': 'I just saw an app! It was exciting.', 'author': 'Charlie', 'timestamp': '2025-09-28 19:48:04', 'category': 'other', 'sentiment': 0.24, 'keyword_mentioned': 'other', 'message_length': 35}
2025-09-28 19:48:09 | INFO | {'message': 'I just shared recipe! It was boring.', 'author': 'Bob', 'timestamp': '2025-09-28 19:48:09', 'category': 'food', 'sentiment': 0.47, 'keyword_mentioned': 'recipe', 'message_length': 36}
2025-09-28 19:48:14 | INFO | {'message': 'I just tried a story! It was funny.', 'author': 'Bob', 'timestamp': '2025-09-28 19:48:14', 'category': 'other', 'sentiment': 0.95, 'keyword_mentioned': 'other', 'message_length': 35}
2025-09-28 19:48:19 | INFO | {'message': 'I just saw a meme! It was amazing.', 'author': 'Bob', 'timestamp': '2025-09-28 19:48:19', 'category': 'humor', 'sentiment': 0.46, 'keyword_mentioned': 'meme', 'message_length': 34}
2025-09-28 19:48:24 | INFO | {'message': 'I just found a trick! It was weird.', 'author': 'Charlie', 'timestamp': '2025-09-28 19:48:24', 'category': 'other', 'sentiment': 0.19, 'keyword_mentioned': 'other', 'message_length': 35}
2025-09-28 19:48:29 | INFO | {'message': 'I just saw a movie! It was boring.', 'author': 'Bob', 'timestamp': '2025-09-28 19:48:29', 'category': 'entertainment', 'sentiment': 1.0, 'keyword_mentioned': 'movie', 'message_length': 34}
2025-09-28 19:48:34 | INFO | {'message': 'I just shared a meme! It was amazing.', 'author': 'Alice', 'timestamp': '2025-09-28 19:48:34', 'category': 'humor', 'sentiment': 0.63, 'keyword_mentioned': 'meme', 'message_length': 37}
2025-09-28 19:48:39 | INFO | {'message': 'I just saw travel! It was amazing.', 'author': 'Alice', 'timestamp': '2025-09-28 19:48:39', 'category': 'travel', 'sentiment': 0.54, 'keyword_mentioned': 'travel', 'message_length': 34}
2025-09-28 19:48:44 | INFO | {'message': 'I just shared travel! It was amazing.', 'author': 'Bob', 'timestamp': '2025-09-28 19:48:44', 'category': 'travel', 'sentiment': 0.8, 'keyword_mentioned': 'travel', 'message_length': 37}
2025-09-28 19:48:49 | INFO | {'message': 'I just found an app! It was funny.', 'author': 'Eve', 'timestamp': '2025-09-28 19:48:49', 'category': 'other', 'sentiment': 0.08, 'keyword_mentioned': 'other', 'message_length': 34}
2025-09-28 19:48:54 | INFO | {'message': 'I just saw a movie! It was funny.', 'author': 'Eve', 'timestamp': '2025-09-28 19:48:54', 'category': 'entertainment', 'sentiment': 0.7, 'keyword_mentioned': 'movie', 'message_length': 33}
2025-09-28 19:48:59 | INFO | {'message': 'I just found a movie! It was boring.', 'author': 'Alice', 'timestamp': '2025-09-28 19:48:59', 'category': 'entertainment', 'sentiment': 0.87, 'keyword_mentioned': 'movie', 'message_length': 36}
2025-09-28 19:49:04 | INFO | {'message': 'I just shared a story! It was weird.', 'author': 'Bob', 'timestamp': '2025-09-28 19:49:04', 'category': 'other', 'sentiment': 0.61, 'keyword_mentioned': 'other', 'message_length': 36}
2025-09-28 19:49:10 | INFO | {'message': 'I just saw a meme! It was amazing.', 'author': 'Bob', 'timestamp': '2025-09-28 19:49:09', 'category': 'humor', 'sentiment': 0.78, 'keyword_mentioned': 'meme', 'message_length': 34}
2025-09-28 19:49:15 | INFO | {'message': 'I just saw Python! It was exciting.', 'author': 'Alice', 'timestamp': '2025-09-28 19:49:15', 'category': 'tech', 'sentiment': 0.15, 'keyword_mentioned': 'Python', 'message_length': 35}
2025-09-28 19:49:20 | INFO | {'message': 'I just loved a movie! It was funny.', 'author': 'Bob', 'timestamp': '2025-09-28 19:49:20', 'category': 'entertainment', 'sentiment': 0.43, 'keyword_mentioned': 'movie', 'message_length': 35}
2025-09-28 19:49:25 | INFO | {'message': 'I just found a trick! It was boring.', 'author': 'Charlie', 'timestamp': '2025-09-28 19:49:25', 'category': 'other', 'sentiment': 0.61, 'keyword_mentioned': 'other', 'message_length': 36}
2025-09-28 19:49:30 | INFO | {'message': 'I just found a trick! It was weird.', 'author': 'Charlie', 'timestamp': '2025-09-28 19:49:30', 'category': 'other', 'sentiment': 0.19, 'keyword_mentioned': 'other', 'message_length': 35}
2025-09-28 19:49:35 | INFO | {'message': 'I just tried Python! It was boring.', 'author': 'Eve', 'timestamp': '2025-09-28 19:49:35', 'category': 'tech', 'sentiment': 0.94, 'keyword_mentioned': 'Python', 'message_length': 35}
2025-09-28 19:49:40 | INFO | {'message': 'I just found an app! It was boring.', 'author': 'Charlie', 'timestamp': '2025-09-28 19:49:40', 'category': 'other', 'sentiment': 0.18, 'keyword_mentioned': 'other', 'message_length': 35}
2025-09-28 19:49:45 | INFO | {'message': 'I just loved Python! It was exciting.', 'author': 'Eve', 'timestamp': '2025-09-28 19:49:45', 'category': 'tech', 'sentiment': 0.03, 'keyword_mentioned': 'Python', 'message_length': 37}
2025-09-28 19:49:50 | INFO | {'message': 'I just found a story! It was amazing.', 'author': 'Bob', 'timestamp': '2025-09-28 19:49:50', 'category': 'other', 'sentiment': 0.53, 'keyword_mentioned': 'other', 'message_length': 37}
2025-09-28 19:49:55 | INFO | {'message': 'I just tried JavaScript! It was funny.', 'author': 'Bob', 'timestamp': '2025-09-28 19:49:55', 'category': 'tech', 'sentiment': 0.98, 'keyword_mentioned': 'JavaScript', 'message_length': 38}
2025-09-28 19:50:00 | INFO | {'message': 'I just shared Python! It was funny.', 'author': 'Eve', 'timestamp': '2025-09-28 19:50:00', 'category': 'tech', 'sentiment': 0.11, 'keyword_mentioned': 'Python', 'message_length': 35}
2025-09-28 19:50:05 | INFO | {'message': 'I just saw JavaScript! It was amazing.', 'author': 'Bob', 'timestamp': '2025-09-28 19:50:05', 'category': 'tech', 'sentiment': 0.14, 'keyword_mentioned': 'JavaScript', 'message_length': 38}
2025-09-28 19:50:10 | INFO | {'message': 'I just tried travel! It was exciting.', 'author': 'Alice', 'timestamp': '2025-09-28 19:50:10', 'category': 'travel', 'sentiment': 0.53, 'keyword_mentioned': 'travel', 'message_length': 37}
2025-09-28 19:50:15 | INFO | {'message': 'I just saw game! It was exciting.', 'author': 'Alice', 'timestamp': '2025-09-28 19:50:15', 'category': 'gaming', 'sentiment': 0.96, 'keyword_mentioned': 'game', 'message_length': 33}
2025-09-28 19:50:20 | INFO | {'message': 'I just found travel! It was boring.', 'author': 'Eve', 'timestamp': '2025-09-28 19:50:20', 'category': 'travel', 'sentiment': 0.76, 'keyword_mentioned': 'travel', 'message_length': 35}
2025-09-28 19:50:25 | INFO | {'message': 'I just shared a trick! It was exciting.', 'author': 'Eve', 'timestamp': '2025-09-28 19:50:25', 'category': 'other', 'sentiment': 0.18, 'keyword_mentioned': 'other', 'message_length': 39}
2025-09-28 19:50:30 | INFO | {'message': 'I just shared a trick! It was amazing.', 'author': 'Eve', 'timestamp': '2025-09-28 19:50:30', 'category': 'other', 'sentiment': 0.34, 'keyword_mentioned': 'other', 'message_length': 38}
2025-09-28 19:50:35 | INFO | {'message': 'I just found game! It was exciting.', 'author': 'Eve', 'timestamp': '2025-09-28 19:50:35', 'category': 'gaming', 'sentiment': 0.72, 'keyword_mentioned': 'game', 'message_length': 35}
2025-09-28 19:50:40 | INFO | {'message': 'I just found a movie! It was exciting.', 'author': 'Bob', 'timestamp': '2025-09-28 19:50:40', 'category': 'entertainment', 'sentiment': 0.25, 'keyword_mentioned': 'movie', 'message_length': 38}
2025-09-28 19:50:45 | INFO | {'message': 'I just loved travel! It was exciting.', 'author': 'Alice', 'timestamp': '2025-09-28 19:50:45', 'category': 'travel', 'sentiment': 0.45, 'keyword_mentioned': 'travel', 'message_length': 37}
2025-09-28 19:50:50 | INFO | {'message': 'I just saw a trick! It was amazing.', 'author': 'Bob', 'timestamp': '2025-09-28 19:50:50', 'category': 'other', 'sentiment': 0.39, 'keyword_mentioned': 'other', 'message_length': 35}
